{"C:\\Users\\EK\\Desktop\\js-advanced-diploma-KL\\src\\js\\Character.js": {"path":"C:\\Users\\EK\\Desktop\\js-advanced-diploma-KL\\src\\js\\Character.js","statementMap":{"0":{"start":{"line":21,"column":4},"end":{"line":23,"column":5}},"1":{"start":{"line":22,"column":6},"end":{"line":22,"column":76}},"2":{"start":{"line":25,"column":4},"end":{"line":25,"column":23}},"3":{"start":{"line":26,"column":4},"end":{"line":26,"column":20}},"4":{"start":{"line":27,"column":4},"end":{"line":27,"column":21}},"5":{"start":{"line":28,"column":4},"end":{"line":28,"column":21}},"6":{"start":{"line":29,"column":4},"end":{"line":29,"column":21}},"7":{"start":{"line":32,"column":4},"end":{"line":34,"column":5}},"8":{"start":{"line":32,"column":17},"end":{"line":32,"column":18}},"9":{"start":{"line":33,"column":6},"end":{"line":33,"column":21}},"10":{"start":{"line":36,"column":25},"end":{"line":43,"column":5}},"11":{"start":{"line":45,"column":4},"end":{"line":47,"column":5}},"12":{"start":{"line":46,"column":6},"end":{"line":46,"column":61}},"13":{"start":{"line":49,"column":4},"end":{"line":51,"column":5}},"14":{"start":{"line":50,"column":6},"end":{"line":50,"column":76}},"15":{"start":{"line":55,"column":4},"end":{"line":55,"column":20}},"16":{"start":{"line":57,"column":4},"end":{"line":57,"column":50}},"17":{"start":{"line":59,"column":4},"end":{"line":62,"column":6}},"18":{"start":{"line":64,"column":4},"end":{"line":67,"column":6}}},"fnMap":{"0":{"name":"(anonymous_0)","decl":{"start":{"line":19,"column":2},"end":{"line":19,"column":3}},"loc":{"start":{"line":19,"column":39},"end":{"line":52,"column":3}},"line":19},"1":{"name":"(anonymous_1)","decl":{"start":{"line":54,"column":2},"end":{"line":54,"column":3}},"loc":{"start":{"line":54,"column":12},"end":{"line":68,"column":3}},"line":54}},"branchMap":{"0":{"loc":{"start":{"line":19,"column":21},"end":{"line":19,"column":37}},"type":"default-arg","locations":[{"start":{"line":19,"column":28},"end":{"line":19,"column":37}}],"line":19},"1":{"loc":{"start":{"line":21,"column":4},"end":{"line":23,"column":5}},"type":"if","locations":[{"start":{"line":21,"column":4},"end":{"line":23,"column":5}},{"start":{},"end":{}}],"line":21},"2":{"loc":{"start":{"line":45,"column":4},"end":{"line":47,"column":5}},"type":"if","locations":[{"start":{"line":45,"column":4},"end":{"line":47,"column":5}},{"start":{},"end":{}}],"line":45},"3":{"loc":{"start":{"line":49,"column":4},"end":{"line":51,"column":5}},"type":"if","locations":[{"start":{"line":49,"column":4},"end":{"line":51,"column":5}},{"start":{},"end":{}}],"line":49}},"s":{"0":38,"1":1,"2":37,"3":37,"4":37,"5":37,"6":37,"7":37,"8":37,"9":58,"10":37,"11":37,"12":0,"13":37,"14":0,"15":58,"16":58,"17":58,"18":58},"f":{"0":38,"1":58},"b":{"0":[1],"1":[1,37],"2":[0,37],"3":[0,37]},"_coverageSchema":"1a1c01bbd47fc00a2c39e90264f33305004495a9","hash":"85e2a672ec4b33af03da63b63b8100b36127e767"}
,"C:\\Users\\EK\\Desktop\\js-advanced-diploma-KL\\src\\js\\GameController.js": {"path":"C:\\Users\\EK\\Desktop\\js-advanced-diploma-KL\\src\\js\\GameController.js","statementMap":{"0":{"start":{"line":18,"column":32},"end":{"line":25,"column":1}},"1":{"start":{"line":27,"column":16},"end":{"line":27,"column":45}},"2":{"start":{"line":28,"column":16},"end":{"line":28,"column":41}},"3":{"start":{"line":32,"column":4},"end":{"line":32,"column":29}},"4":{"start":{"line":33,"column":4},"end":{"line":33,"column":37}},"5":{"start":{"line":34,"column":4},"end":{"line":34,"column":37}},"6":{"start":{"line":35,"column":4},"end":{"line":35,"column":24}},"7":{"start":{"line":36,"column":4},"end":{"line":36,"column":34}},"8":{"start":{"line":37,"column":4},"end":{"line":37,"column":29}},"9":{"start":{"line":38,"column":4},"end":{"line":43,"column":6}},"10":{"start":{"line":47,"column":22},"end":{"line":47,"column":24}},"11":{"start":{"line":48,"column":4},"end":{"line":57,"column":5}},"12":{"start":{"line":50,"column":6},"end":{"line":54,"column":61}},"13":{"start":{"line":51,"column":20},"end":{"line":51,"column":71}},"14":{"start":{"line":52,"column":20},"end":{"line":52,"column":71}},"15":{"start":{"line":53,"column":8},"end":{"line":53,"column":55}},"16":{"start":{"line":54,"column":35},"end":{"line":54,"column":58}},"17":{"start":{"line":56,"column":6},"end":{"line":56,"column":67}},"18":{"start":{"line":58,"column":4},"end":{"line":58,"column":21}},"19":{"start":{"line":62,"column":4},"end":{"line":62,"column":30}},"20":{"start":{"line":63,"column":4},"end":{"line":69,"column":5}},"21":{"start":{"line":64,"column":6},"end":{"line":64,"column":53}},"22":{"start":{"line":64,"column":26},"end":{"line":64,"column":52}},"23":{"start":{"line":65,"column":6},"end":{"line":65,"column":37}},"24":{"start":{"line":66,"column":6},"end":{"line":66,"column":36}},"25":{"start":{"line":67,"column":6},"end":{"line":67,"column":45}},"26":{"start":{"line":68,"column":6},"end":{"line":68,"column":13}},"27":{"start":{"line":70,"column":23},"end":{"line":70,"column":70}},"28":{"start":{"line":71,"column":4},"end":{"line":71,"column":51}},"29":{"start":{"line":72,"column":4},"end":{"line":72,"column":50}},"30":{"start":{"line":74,"column":28},"end":{"line":76,"column":5}},"31":{"start":{"line":75,"column":6},"end":{"line":75,"column":53}},"32":{"start":{"line":75,"column":26},"end":{"line":75,"column":52}},"33":{"start":{"line":77,"column":4},"end":{"line":77,"column":56}},"34":{"start":{"line":77,"column":33},"end":{"line":77,"column":54}},"35":{"start":{"line":79,"column":22},"end":{"line":83,"column":5}},"36":{"start":{"line":84,"column":30},"end":{"line":84,"column":72}},"37":{"start":{"line":86,"column":4},"end":{"line":89,"column":6}},"38":{"start":{"line":91,"column":4},"end":{"line":91,"column":50}},"39":{"start":{"line":92,"column":4},"end":{"line":92,"column":46}},"40":{"start":{"line":93,"column":4},"end":{"line":93,"column":43}},"41":{"start":{"line":98,"column":4},"end":{"line":136,"column":5}},"42":{"start":{"line":99,"column":6},"end":{"line":99,"column":71}},"43":{"start":{"line":100,"column":6},"end":{"line":100,"column":73}},"44":{"start":{"line":101,"column":6},"end":{"line":101,"column":73}},"45":{"start":{"line":103,"column":20},"end":{"line":103,"column":44}},"46":{"start":{"line":105,"column":6},"end":{"line":129,"column":7}},"47":{"start":{"line":106,"column":8},"end":{"line":106,"column":47}},"48":{"start":{"line":108,"column":8},"end":{"line":117,"column":11}},"49":{"start":{"line":109,"column":33},"end":{"line":109,"column":57}},"50":{"start":{"line":110,"column":28},"end":{"line":110,"column":55}},"51":{"start":{"line":112,"column":10},"end":{"line":112,"column":38}},"52":{"start":{"line":113,"column":10},"end":{"line":113,"column":40}},"53":{"start":{"line":114,"column":10},"end":{"line":114,"column":38}},"54":{"start":{"line":116,"column":10},"end":{"line":116,"column":64}},"55":{"start":{"line":119,"column":8},"end":{"line":119,"column":50}},"56":{"start":{"line":121,"column":8},"end":{"line":121,"column":59}},"57":{"start":{"line":122,"column":8},"end":{"line":122,"column":54}},"58":{"start":{"line":124,"column":8},"end":{"line":124,"column":72}},"59":{"start":{"line":125,"column":8},"end":{"line":125,"column":72}},"60":{"start":{"line":126,"column":8},"end":{"line":126,"column":72}},"61":{"start":{"line":128,"column":8},"end":{"line":128,"column":15}},"62":{"start":{"line":132,"column":6},"end":{"line":132,"column":26}},"63":{"start":{"line":135,"column":6},"end":{"line":135,"column":49}},"64":{"start":{"line":141,"column":4},"end":{"line":141,"column":37}},"65":{"start":{"line":142,"column":4},"end":{"line":142,"column":41}},"66":{"start":{"line":144,"column":23},"end":{"line":144,"column":50}},"67":{"start":{"line":145,"column":22},"end":{"line":145,"column":49}},"68":{"start":{"line":147,"column":30},"end":{"line":147,"column":73}},"69":{"start":{"line":148,"column":30},"end":{"line":148,"column":72}},"70":{"start":{"line":150,"column":4},"end":{"line":150,"column":66}},"71":{"start":{"line":151,"column":4},"end":{"line":151,"column":46}},"72":{"start":{"line":152,"column":4},"end":{"line":152,"column":50}},"73":{"start":{"line":153,"column":4},"end":{"line":153,"column":43}},"74":{"start":{"line":154,"column":4},"end":{"line":154,"column":68}},"75":{"start":{"line":155,"column":4},"end":{"line":155,"column":68}},"76":{"start":{"line":156,"column":4},"end":{"line":156,"column":68}},"77":{"start":{"line":161,"column":4},"end":{"line":162,"column":75}},"78":{"start":{"line":163,"column":24},"end":{"line":165,"column":5}},"79":{"start":{"line":164,"column":6},"end":{"line":164,"column":53}},"80":{"start":{"line":164,"column":26},"end":{"line":164,"column":52}},"81":{"start":{"line":167,"column":4},"end":{"line":172,"column":5}},"82":{"start":{"line":168,"column":6},"end":{"line":168,"column":23}},"83":{"start":{"line":169,"column":6},"end":{"line":169,"column":48}},"84":{"start":{"line":170,"column":6},"end":{"line":170,"column":45}},"85":{"start":{"line":171,"column":6},"end":{"line":171,"column":13}},"86":{"start":{"line":174,"column":18},"end":{"line":174,"column":77}},"87":{"start":{"line":175,"column":19},"end":{"line":175,"column":48}},"88":{"start":{"line":177,"column":4},"end":{"line":191,"column":5}},"89":{"start":{"line":178,"column":6},"end":{"line":178,"column":39}},"90":{"start":{"line":179,"column":6},"end":{"line":179,"column":46}},"91":{"start":{"line":180,"column":26},"end":{"line":182,"column":7}},"92":{"start":{"line":181,"column":8},"end":{"line":181,"column":55}},"93":{"start":{"line":181,"column":28},"end":{"line":181,"column":54}},"94":{"start":{"line":183,"column":6},"end":{"line":189,"column":7}},"95":{"start":{"line":184,"column":8},"end":{"line":184,"column":45}},"96":{"start":{"line":185,"column":8},"end":{"line":185,"column":39}},"97":{"start":{"line":186,"column":8},"end":{"line":186,"column":50}},"98":{"start":{"line":187,"column":8},"end":{"line":187,"column":47}},"99":{"start":{"line":188,"column":8},"end":{"line":188,"column":15}},"100":{"start":{"line":190,"column":6},"end":{"line":190,"column":13}},"101":{"start":{"line":193,"column":26},"end":{"line":193,"column":28}},"102":{"start":{"line":194,"column":4},"end":{"line":196,"column":5}},"103":{"start":{"line":194,"column":17},"end":{"line":194,"column":18}},"104":{"start":{"line":195,"column":6},"end":{"line":195,"column":56}},"105":{"start":{"line":195,"column":34},"end":{"line":195,"column":56}},"106":{"start":{"line":198,"column":4},"end":{"line":202,"column":5}},"107":{"start":{"line":199,"column":6},"end":{"line":200,"column":80}},"108":{"start":{"line":201,"column":6},"end":{"line":201,"column":52}},"109":{"start":{"line":204,"column":4},"end":{"line":204,"column":44}},"110":{"start":{"line":205,"column":4},"end":{"line":205,"column":43}},"111":{"start":{"line":210,"column":4},"end":{"line":212,"column":5}},"112":{"start":{"line":211,"column":6},"end":{"line":211,"column":13}},"113":{"start":{"line":213,"column":17},"end":{"line":213,"column":63}},"114":{"start":{"line":213,"column":42},"end":{"line":213,"column":62}},"115":{"start":{"line":214,"column":21},"end":{"line":214,"column":43}},"116":{"start":{"line":216,"column":4},"end":{"line":224,"column":5}},"117":{"start":{"line":216,"column":36},"end":{"line":216,"column":65}},"118":{"start":{"line":217,"column":6},"end":{"line":217,"column":71}},"119":{"start":{"line":217,"column":39},"end":{"line":217,"column":69}},"120":{"start":{"line":218,"column":6},"end":{"line":218,"column":48}},"121":{"start":{"line":219,"column":6},"end":{"line":219,"column":36}},"122":{"start":{"line":221,"column":6},"end":{"line":221,"column":48}},"123":{"start":{"line":222,"column":6},"end":{"line":222,"column":45}},"124":{"start":{"line":223,"column":6},"end":{"line":223,"column":13}},"125":{"start":{"line":226,"column":4},"end":{"line":226,"column":26}},"126":{"start":{"line":226,"column":19},"end":{"line":226,"column":26}},"127":{"start":{"line":228,"column":4},"end":{"line":228,"column":75}},"128":{"start":{"line":228,"column":36},"end":{"line":228,"column":65}},"129":{"start":{"line":228,"column":68},"end":{"line":228,"column":75}},"130":{"start":{"line":230,"column":4},"end":{"line":241,"column":5}},"131":{"start":{"line":231,"column":6},"end":{"line":231,"column":32}},"132":{"start":{"line":233,"column":6},"end":{"line":233,"column":71}},"133":{"start":{"line":233,"column":39},"end":{"line":233,"column":69}},"134":{"start":{"line":234,"column":6},"end":{"line":234,"column":36}},"135":{"start":{"line":235,"column":6},"end":{"line":235,"column":52}},"136":{"start":{"line":237,"column":6},"end":{"line":237,"column":30}},"137":{"start":{"line":238,"column":6},"end":{"line":238,"column":48}},"138":{"start":{"line":239,"column":6},"end":{"line":239,"column":45}},"139":{"start":{"line":240,"column":6},"end":{"line":240,"column":13}},"140":{"start":{"line":242,"column":4},"end":{"line":242,"column":43}},"141":{"start":{"line":252,"column":8},"end":{"line":252,"column":17}},"142":{"start":{"line":253,"column":4},"end":{"line":253,"column":87}},"143":{"start":{"line":257,"column":4},"end":{"line":257,"column":32}},"144":{"start":{"line":257,"column":19},"end":{"line":257,"column":32}},"145":{"start":{"line":258,"column":18},"end":{"line":258,"column":35}},"146":{"start":{"line":259,"column":21},"end":{"line":259,"column":64}},"147":{"start":{"line":260,"column":21},"end":{"line":260,"column":52}},"148":{"start":{"line":262,"column":22},"end":{"line":262,"column":65}},"149":{"start":{"line":263,"column":22},"end":{"line":263,"column":53}},"150":{"start":{"line":265,"column":20},"end":{"line":265,"column":50}},"151":{"start":{"line":266,"column":20},"end":{"line":266,"column":50}},"152":{"start":{"line":268,"column":4},"end":{"line":268,"column":38}},"153":{"start":{"line":268,"column":25},"end":{"line":268,"column":38}},"154":{"start":{"line":269,"column":22},"end":{"line":269,"column":49}},"155":{"start":{"line":271,"column":4},"end":{"line":275,"column":5}},"156":{"start":{"line":273,"column":23},"end":{"line":273,"column":69}},"157":{"start":{"line":273,"column":48},"end":{"line":273,"column":68}},"158":{"start":{"line":274,"column":6},"end":{"line":274,"column":33}},"159":{"start":{"line":274,"column":21},"end":{"line":274,"column":33}},"160":{"start":{"line":276,"column":4},"end":{"line":276,"column":17}},"161":{"start":{"line":280,"column":4},"end":{"line":280,"column":43}},"162":{"start":{"line":280,"column":30},"end":{"line":280,"column":43}},"163":{"start":{"line":282,"column":22},"end":{"line":282,"column":45}},"164":{"start":{"line":284,"column":18},"end":{"line":284,"column":35}},"165":{"start":{"line":285,"column":24},"end":{"line":285,"column":39}},"166":{"start":{"line":287,"column":21},"end":{"line":287,"column":50}},"167":{"start":{"line":288,"column":21},"end":{"line":288,"column":38}},"168":{"start":{"line":290,"column":22},"end":{"line":290,"column":57}},"169":{"start":{"line":291,"column":22},"end":{"line":291,"column":45}},"170":{"start":{"line":293,"column":20},"end":{"line":293,"column":50}},"171":{"start":{"line":294,"column":20},"end":{"line":294,"column":50}},"172":{"start":{"line":296,"column":24},"end":{"line":296,"column":54}},"173":{"start":{"line":298,"column":4},"end":{"line":298,"column":44}},"174":{"start":{"line":298,"column":31},"end":{"line":298,"column":44}},"175":{"start":{"line":300,"column":4},"end":{"line":300,"column":60}},"176":{"start":{"line":304,"column":19},"end":{"line":307,"column":5}},"177":{"start":{"line":308,"column":4},"end":{"line":308,"column":38}},"178":{"start":{"line":309,"column":4},"end":{"line":309,"column":60}},"179":{"start":{"line":311,"column":15},"end":{"line":311,"column":20}},"180":{"start":{"line":313,"column":4},"end":{"line":321,"column":5}},"181":{"start":{"line":314,"column":6},"end":{"line":314,"column":18}},"182":{"start":{"line":316,"column":6},"end":{"line":319,"column":7}},"183":{"start":{"line":317,"column":8},"end":{"line":317,"column":52}},"184":{"start":{"line":318,"column":8},"end":{"line":318,"column":38}},"185":{"start":{"line":320,"column":6},"end":{"line":320,"column":64}},"186":{"start":{"line":320,"column":50},"end":{"line":320,"column":62}},"187":{"start":{"line":322,"column":4},"end":{"line":322,"column":50}},"188":{"start":{"line":323,"column":4},"end":{"line":323,"column":46}},"189":{"start":{"line":324,"column":4},"end":{"line":324,"column":43}},"190":{"start":{"line":326,"column":4},"end":{"line":326,"column":16}},"191":{"start":{"line":332,"column":21},"end":{"line":332,"column":73}},"192":{"start":{"line":333,"column":21},"end":{"line":333,"column":61}},"193":{"start":{"line":335,"column":29},"end":{"line":337,"column":5}},"194":{"start":{"line":336,"column":6},"end":{"line":336,"column":47}},"195":{"start":{"line":339,"column":18},"end":{"line":339,"column":22}},"196":{"start":{"line":340,"column":18},"end":{"line":340,"column":26}},"197":{"start":{"line":342,"column":4},"end":{"line":355,"column":5}},"198":{"start":{"line":343,"column":24},"end":{"line":343,"column":77}},"199":{"start":{"line":344,"column":24},"end":{"line":344,"column":65}},"200":{"start":{"line":346,"column":22},"end":{"line":346,"column":52}},"201":{"start":{"line":347,"column":22},"end":{"line":347,"column":52}},"202":{"start":{"line":349,"column":19},"end":{"line":349,"column":45}},"203":{"start":{"line":351,"column":6},"end":{"line":354,"column":7}},"204":{"start":{"line":352,"column":8},"end":{"line":352,"column":23}},"205":{"start":{"line":353,"column":8},"end":{"line":353,"column":25}},"206":{"start":{"line":357,"column":4},"end":{"line":357,"column":19}},"207":{"start":{"line":362,"column":4},"end":{"line":362,"column":40}},"208":{"start":{"line":362,"column":33},"end":{"line":362,"column":40}},"209":{"start":{"line":364,"column":23},"end":{"line":364,"column":69}},"210":{"start":{"line":364,"column":48},"end":{"line":364,"column":68}},"211":{"start":{"line":365,"column":4},"end":{"line":368,"column":5}},"212":{"start":{"line":366,"column":22},"end":{"line":366,"column":59}},"213":{"start":{"line":367,"column":6},"end":{"line":367,"column":52}},"214":{"start":{"line":370,"column":4},"end":{"line":377,"column":5}},"215":{"start":{"line":371,"column":6},"end":{"line":375,"column":8}},"216":{"start":{"line":372,"column":42},"end":{"line":372,"column":77}},"217":{"start":{"line":376,"column":6},"end":{"line":376,"column":13}},"218":{"start":{"line":379,"column":4},"end":{"line":385,"column":5}},"219":{"start":{"line":380,"column":6},"end":{"line":380,"column":47}},"220":{"start":{"line":381,"column":6},"end":{"line":381,"column":47}},"221":{"start":{"line":382,"column":6},"end":{"line":382,"column":13}},"222":{"start":{"line":384,"column":6},"end":{"line":384,"column":50}},"223":{"start":{"line":387,"column":4},"end":{"line":390,"column":5}},"224":{"start":{"line":387,"column":42},"end":{"line":387,"column":77}},"225":{"start":{"line":388,"column":6},"end":{"line":388,"column":47}},"226":{"start":{"line":389,"column":6},"end":{"line":389,"column":13}},"227":{"start":{"line":391,"column":4},"end":{"line":410,"column":5}},"228":{"start":{"line":391,"column":42},"end":{"line":391,"column":77}},"229":{"start":{"line":393,"column":6},"end":{"line":408,"column":7}},"230":{"start":{"line":394,"column":8},"end":{"line":394,"column":47}},"231":{"start":{"line":395,"column":8},"end":{"line":395,"column":51}},"232":{"start":{"line":396,"column":8},"end":{"line":396,"column":32}},"233":{"start":{"line":398,"column":8},"end":{"line":398,"column":62}},"234":{"start":{"line":400,"column":8},"end":{"line":400,"column":33}},"235":{"start":{"line":402,"column":8},"end":{"line":402,"column":32}},"236":{"start":{"line":403,"column":8},"end":{"line":403,"column":47}},"237":{"start":{"line":407,"column":8},"end":{"line":407,"column":52}},"238":{"start":{"line":409,"column":6},"end":{"line":409,"column":13}},"239":{"start":{"line":415,"column":4},"end":{"line":415,"column":41}},"240":{"start":{"line":416,"column":4},"end":{"line":416,"column":38}},"241":{"start":{"line":417,"column":4},"end":{"line":420,"column":5}},"242":{"start":{"line":419,"column":6},"end":{"line":419,"column":48}},"243":{"start":{"line":421,"column":4},"end":{"line":421,"column":42}},"244":{"start":{"line":425,"column":4},"end":{"line":428,"column":6}},"245":{"start":{"line":429,"column":4},"end":{"line":429,"column":24}},"246":{"start":{"line":433,"column":4},"end":{"line":433,"column":40}},"247":{"start":{"line":433,"column":33},"end":{"line":433,"column":40}},"248":{"start":{"line":435,"column":4},"end":{"line":435,"column":46}},"249":{"start":{"line":436,"column":4},"end":{"line":436,"column":43}},"250":{"start":{"line":437,"column":4},"end":{"line":437,"column":43}},"251":{"start":{"line":441,"column":18},"end":{"line":441,"column":42}},"252":{"start":{"line":443,"column":4},"end":{"line":446,"column":5}},"253":{"start":{"line":444,"column":6},"end":{"line":444,"column":49}},"254":{"start":{"line":445,"column":6},"end":{"line":445,"column":13}},"255":{"start":{"line":448,"column":4},"end":{"line":448,"column":43}},"256":{"start":{"line":450,"column":4},"end":{"line":459,"column":7}},"257":{"start":{"line":451,"column":29},"end":{"line":451,"column":53}},"258":{"start":{"line":452,"column":24},"end":{"line":452,"column":51}},"259":{"start":{"line":454,"column":6},"end":{"line":454,"column":34}},"260":{"start":{"line":455,"column":6},"end":{"line":455,"column":36}},"261":{"start":{"line":456,"column":6},"end":{"line":456,"column":34}},"262":{"start":{"line":458,"column":6},"end":{"line":458,"column":60}},"263":{"start":{"line":460,"column":4},"end":{"line":460,"column":46}},"264":{"start":{"line":461,"column":4},"end":{"line":461,"column":55}},"265":{"start":{"line":462,"column":4},"end":{"line":462,"column":50}},"266":{"start":{"line":465,"column":4},"end":{"line":465,"column":68}},"267":{"start":{"line":466,"column":4},"end":{"line":466,"column":68}},"268":{"start":{"line":467,"column":4},"end":{"line":467,"column":68}},"269":{"start":{"line":468,"column":4},"end":{"line":468,"column":43}}},"fnMap":{"0":{"name":"(anonymous_0)","decl":{"start":{"line":31,"column":2},"end":{"line":31,"column":3}},"loc":{"start":{"line":31,"column":38},"end":{"line":44,"column":3}},"line":31},"1":{"name":"(anonymous_1)","decl":{"start":{"line":46,"column":2},"end":{"line":46,"column":3}},"loc":{"start":{"line":46,"column":36},"end":{"line":59,"column":3}},"line":46},"2":{"name":"(anonymous_2)","decl":{"start":{"line":54,"column":30},"end":{"line":54,"column":31}},"loc":{"start":{"line":54,"column":35},"end":{"line":54,"column":58}},"line":54},"3":{"name":"(anonymous_3)","decl":{"start":{"line":61,"column":2},"end":{"line":61,"column":3}},"loc":{"start":{"line":61,"column":14},"end":{"line":94,"column":3}},"line":61},"4":{"name":"(anonymous_4)","decl":{"start":{"line":63,"column":61},"end":{"line":63,"column":62}},"loc":{"start":{"line":64,"column":6},"end":{"line":64,"column":53}},"line":64},"5":{"name":"(anonymous_5)","decl":{"start":{"line":64,"column":19},"end":{"line":64,"column":20}},"loc":{"start":{"line":64,"column":26},"end":{"line":64,"column":52}},"line":64},"6":{"name":"(anonymous_6)","decl":{"start":{"line":74,"column":50},"end":{"line":74,"column":51}},"loc":{"start":{"line":75,"column":6},"end":{"line":75,"column":53}},"line":75},"7":{"name":"(anonymous_7)","decl":{"start":{"line":75,"column":19},"end":{"line":75,"column":20}},"loc":{"start":{"line":75,"column":26},"end":{"line":75,"column":52}},"line":75},"8":{"name":"(anonymous_8)","decl":{"start":{"line":77,"column":28},"end":{"line":77,"column":29}},"loc":{"start":{"line":77,"column":33},"end":{"line":77,"column":54}},"line":77},"9":{"name":"(anonymous_9)","decl":{"start":{"line":97,"column":2},"end":{"line":97,"column":3}},"loc":{"start":{"line":97,"column":9},"end":{"line":137,"column":3}},"line":97},"10":{"name":"(anonymous_10)","decl":{"start":{"line":108,"column":45},"end":{"line":108,"column":46}},"loc":{"start":{"line":108,"column":50},"end":{"line":117,"column":9}},"line":108},"11":{"name":"(anonymous_11)","decl":{"start":{"line":140,"column":2},"end":{"line":140,"column":3}},"loc":{"start":{"line":140,"column":17},"end":{"line":157,"column":3}},"line":140},"12":{"name":"(anonymous_12)","decl":{"start":{"line":160,"column":2},"end":{"line":160,"column":3}},"loc":{"start":{"line":160,"column":21},"end":{"line":206,"column":3}},"line":160},"13":{"name":"(anonymous_13)","decl":{"start":{"line":163,"column":46},"end":{"line":163,"column":47}},"loc":{"start":{"line":164,"column":6},"end":{"line":164,"column":53}},"line":164},"14":{"name":"(anonymous_14)","decl":{"start":{"line":164,"column":19},"end":{"line":164,"column":20}},"loc":{"start":{"line":164,"column":26},"end":{"line":164,"column":52}},"line":164},"15":{"name":"(anonymous_15)","decl":{"start":{"line":180,"column":48},"end":{"line":180,"column":49}},"loc":{"start":{"line":181,"column":8},"end":{"line":181,"column":55}},"line":181},"16":{"name":"(anonymous_16)","decl":{"start":{"line":181,"column":21},"end":{"line":181,"column":22}},"loc":{"start":{"line":181,"column":28},"end":{"line":181,"column":54}},"line":181},"17":{"name":"(anonymous_17)","decl":{"start":{"line":209,"column":2},"end":{"line":209,"column":3}},"loc":{"start":{"line":209,"column":27},"end":{"line":243,"column":3}},"line":209},"18":{"name":"(anonymous_18)","decl":{"start":{"line":213,"column":37},"end":{"line":213,"column":38}},"loc":{"start":{"line":213,"column":42},"end":{"line":213,"column":62}},"line":213},"19":{"name":"(anonymous_19)","decl":{"start":{"line":216,"column":29},"end":{"line":216,"column":30}},"loc":{"start":{"line":216,"column":36},"end":{"line":216,"column":65}},"line":216},"20":{"name":"(anonymous_20)","decl":{"start":{"line":217,"column":34},"end":{"line":217,"column":35}},"loc":{"start":{"line":217,"column":39},"end":{"line":217,"column":69}},"line":217},"21":{"name":"(anonymous_21)","decl":{"start":{"line":228,"column":29},"end":{"line":228,"column":30}},"loc":{"start":{"line":228,"column":36},"end":{"line":228,"column":65}},"line":228},"22":{"name":"(anonymous_22)","decl":{"start":{"line":233,"column":34},"end":{"line":233,"column":35}},"loc":{"start":{"line":233,"column":39},"end":{"line":233,"column":69}},"line":233},"23":{"name":"(anonymous_23)","decl":{"start":{"line":246,"column":2},"end":{"line":246,"column":3}},"loc":{"start":{"line":246,"column":24},"end":{"line":254,"column":3}},"line":246},"24":{"name":"(anonymous_24)","decl":{"start":{"line":256,"column":2},"end":{"line":256,"column":3}},"loc":{"start":{"line":256,"column":27},"end":{"line":277,"column":3}},"line":256},"25":{"name":"(anonymous_25)","decl":{"start":{"line":273,"column":43},"end":{"line":273,"column":44}},"loc":{"start":{"line":273,"column":48},"end":{"line":273,"column":68}},"line":273},"26":{"name":"(anonymous_26)","decl":{"start":{"line":279,"column":2},"end":{"line":279,"column":3}},"loc":{"start":{"line":279,"column":30},"end":{"line":301,"column":3}},"line":279},"27":{"name":"(anonymous_27)","decl":{"start":{"line":303,"column":2},"end":{"line":303,"column":3}},"loc":{"start":{"line":303,"column":33},"end":{"line":327,"column":3}},"line":303},"28":{"name":"(anonymous_28)","decl":{"start":{"line":320,"column":45},"end":{"line":320,"column":46}},"loc":{"start":{"line":320,"column":50},"end":{"line":320,"column":62}},"line":320},"29":{"name":"(anonymous_29)","decl":{"start":{"line":330,"column":2},"end":{"line":330,"column":3}},"loc":{"start":{"line":330,"column":27},"end":{"line":358,"column":3}},"line":330},"30":{"name":"(anonymous_30)","decl":{"start":{"line":335,"column":51},"end":{"line":335,"column":52}},"loc":{"start":{"line":336,"column":6},"end":{"line":336,"column":47}},"line":336},"31":{"name":"(anonymous_31)","decl":{"start":{"line":360,"column":2},"end":{"line":360,"column":3}},"loc":{"start":{"line":360,"column":27},"end":{"line":411,"column":3}},"line":360},"32":{"name":"(anonymous_32)","decl":{"start":{"line":364,"column":43},"end":{"line":364,"column":44}},"loc":{"start":{"line":364,"column":48},"end":{"line":364,"column":68}},"line":364},"33":{"name":"(anonymous_33)","decl":{"start":{"line":372,"column":35},"end":{"line":372,"column":36}},"loc":{"start":{"line":372,"column":42},"end":{"line":372,"column":77}},"line":372},"34":{"name":"(anonymous_34)","decl":{"start":{"line":387,"column":35},"end":{"line":387,"column":36}},"loc":{"start":{"line":387,"column":42},"end":{"line":387,"column":77}},"line":387},"35":{"name":"(anonymous_35)","decl":{"start":{"line":391,"column":35},"end":{"line":391,"column":36}},"loc":{"start":{"line":391,"column":42},"end":{"line":391,"column":77}},"line":391},"36":{"name":"(anonymous_36)","decl":{"start":{"line":414,"column":2},"end":{"line":414,"column":3}},"loc":{"start":{"line":414,"column":21},"end":{"line":422,"column":3}},"line":414},"37":{"name":"(anonymous_37)","decl":{"start":{"line":424,"column":2},"end":{"line":424,"column":3}},"loc":{"start":{"line":424,"column":19},"end":{"line":430,"column":3}},"line":424},"38":{"name":"(anonymous_38)","decl":{"start":{"line":432,"column":2},"end":{"line":432,"column":3}},"loc":{"start":{"line":432,"column":20},"end":{"line":438,"column":3}},"line":432},"39":{"name":"(anonymous_39)","decl":{"start":{"line":440,"column":2},"end":{"line":440,"column":3}},"loc":{"start":{"line":440,"column":20},"end":{"line":470,"column":3}},"line":440},"40":{"name":"(anonymous_40)","decl":{"start":{"line":450,"column":41},"end":{"line":450,"column":42}},"loc":{"start":{"line":450,"column":46},"end":{"line":459,"column":5}},"line":450}},"branchMap":{"0":{"loc":{"start":{"line":63,"column":4},"end":{"line":69,"column":5}},"type":"if","locations":[{"start":{"line":63,"column":4},"end":{"line":69,"column":5}},{"start":{},"end":{}}],"line":63},"1":{"loc":{"start":{"line":63,"column":8},"end":{"line":64,"column":54}},"type":"binary-expr","locations":[{"start":{"line":63,"column":8},"end":{"line":63,"column":32}},{"start":{"line":63,"column":36},"end":{"line":64,"column":54}}],"line":63},"2":{"loc":{"start":{"line":105,"column":6},"end":{"line":129,"column":7}},"type":"if","locations":[{"start":{"line":105,"column":6},"end":{"line":129,"column":7}},{"start":{},"end":{}}],"line":105},"3":{"loc":{"start":{"line":162,"column":12},"end":{"line":162,"column":74}},"type":"cond-expr","locations":[{"start":{"line":162,"column":56},"end":{"line":162,"column":63}},{"start":{"line":162,"column":66},"end":{"line":162,"column":74}}],"line":162},"4":{"loc":{"start":{"line":167,"column":4},"end":{"line":172,"column":5}},"type":"if","locations":[{"start":{"line":167,"column":4},"end":{"line":172,"column":5}},{"start":{},"end":{}}],"line":167},"5":{"loc":{"start":{"line":177,"column":4},"end":{"line":191,"column":5}},"type":"if","locations":[{"start":{"line":177,"column":4},"end":{"line":191,"column":5}},{"start":{},"end":{}}],"line":177},"6":{"loc":{"start":{"line":183,"column":6},"end":{"line":189,"column":7}},"type":"if","locations":[{"start":{"line":183,"column":6},"end":{"line":189,"column":7}},{"start":{},"end":{}}],"line":183},"7":{"loc":{"start":{"line":195,"column":6},"end":{"line":195,"column":56}},"type":"if","locations":[{"start":{"line":195,"column":6},"end":{"line":195,"column":56}},{"start":{},"end":{}}],"line":195},"8":{"loc":{"start":{"line":198,"column":4},"end":{"line":202,"column":5}},"type":"if","locations":[{"start":{"line":198,"column":4},"end":{"line":202,"column":5}},{"start":{},"end":{}}],"line":198},"9":{"loc":{"start":{"line":210,"column":4},"end":{"line":212,"column":5}},"type":"if","locations":[{"start":{"line":210,"column":4},"end":{"line":212,"column":5}},{"start":{},"end":{}}],"line":210},"10":{"loc":{"start":{"line":216,"column":4},"end":{"line":224,"column":5}},"type":"if","locations":[{"start":{"line":216,"column":4},"end":{"line":224,"column":5}},{"start":{},"end":{}}],"line":216},"11":{"loc":{"start":{"line":216,"column":8},"end":{"line":216,"column":66}},"type":"binary-expr","locations":[{"start":{"line":216,"column":8},"end":{"line":216,"column":12}},{"start":{"line":216,"column":16},"end":{"line":216,"column":66}}],"line":216},"12":{"loc":{"start":{"line":226,"column":4},"end":{"line":226,"column":26}},"type":"if","locations":[{"start":{"line":226,"column":4},"end":{"line":226,"column":26}},{"start":{},"end":{}}],"line":226},"13":{"loc":{"start":{"line":228,"column":4},"end":{"line":228,"column":75}},"type":"if","locations":[{"start":{"line":228,"column":4},"end":{"line":228,"column":75}},{"start":{},"end":{}}],"line":228},"14":{"loc":{"start":{"line":228,"column":8},"end":{"line":228,"column":66}},"type":"binary-expr","locations":[{"start":{"line":228,"column":8},"end":{"line":228,"column":12}},{"start":{"line":228,"column":16},"end":{"line":228,"column":66}}],"line":228},"15":{"loc":{"start":{"line":230,"column":4},"end":{"line":241,"column":5}},"type":"if","locations":[{"start":{"line":230,"column":4},"end":{"line":241,"column":5}},{"start":{},"end":{}}],"line":230},"16":{"loc":{"start":{"line":230,"column":8},"end":{"line":230,"column":46}},"type":"binary-expr","locations":[{"start":{"line":230,"column":8},"end":{"line":230,"column":13}},{"start":{"line":230,"column":17},"end":{"line":230,"column":46}}],"line":230},"17":{"loc":{"start":{"line":257,"column":4},"end":{"line":257,"column":32}},"type":"if","locations":[{"start":{"line":257,"column":4},"end":{"line":257,"column":32}},{"start":{},"end":{}}],"line":257},"18":{"loc":{"start":{"line":268,"column":4},"end":{"line":268,"column":38}},"type":"if","locations":[{"start":{"line":268,"column":4},"end":{"line":268,"column":38}},{"start":{},"end":{}}],"line":268},"19":{"loc":{"start":{"line":271,"column":4},"end":{"line":275,"column":5}},"type":"if","locations":[{"start":{"line":271,"column":4},"end":{"line":275,"column":5}},{"start":{},"end":{}}],"line":271},"20":{"loc":{"start":{"line":271,"column":8},"end":{"line":271,"column":52}},"type":"binary-expr","locations":[{"start":{"line":271,"column":8},"end":{"line":271,"column":28}},{"start":{"line":271,"column":32},"end":{"line":271,"column":52}}],"line":271},"21":{"loc":{"start":{"line":274,"column":6},"end":{"line":274,"column":33}},"type":"if","locations":[{"start":{"line":274,"column":6},"end":{"line":274,"column":33}},{"start":{},"end":{}}],"line":274},"22":{"loc":{"start":{"line":280,"column":4},"end":{"line":280,"column":43}},"type":"if","locations":[{"start":{"line":280,"column":4},"end":{"line":280,"column":43}},{"start":{},"end":{}}],"line":280},"23":{"loc":{"start":{"line":280,"column":8},"end":{"line":280,"column":28}},"type":"binary-expr","locations":[{"start":{"line":280,"column":8},"end":{"line":280,"column":17}},{"start":{"line":280,"column":21},"end":{"line":280,"column":28}}],"line":280},"24":{"loc":{"start":{"line":298,"column":4},"end":{"line":298,"column":44}},"type":"if","locations":[{"start":{"line":298,"column":4},"end":{"line":298,"column":44}},{"start":{},"end":{}}],"line":298},"25":{"loc":{"start":{"line":300,"column":11},"end":{"line":300,"column":59}},"type":"binary-expr","locations":[{"start":{"line":300,"column":11},"end":{"line":300,"column":33}},{"start":{"line":300,"column":37},"end":{"line":300,"column":59}}],"line":300},"26":{"loc":{"start":{"line":313,"column":4},"end":{"line":321,"column":5}},"type":"if","locations":[{"start":{"line":313,"column":4},"end":{"line":321,"column":5}},{"start":{},"end":{}}],"line":313},"27":{"loc":{"start":{"line":316,"column":6},"end":{"line":319,"column":7}},"type":"if","locations":[{"start":{"line":316,"column":6},"end":{"line":319,"column":7}},{"start":{},"end":{}}],"line":316},"28":{"loc":{"start":{"line":351,"column":6},"end":{"line":354,"column":7}},"type":"if","locations":[{"start":{"line":351,"column":6},"end":{"line":354,"column":7}},{"start":{},"end":{}}],"line":351},"29":{"loc":{"start":{"line":362,"column":4},"end":{"line":362,"column":40}},"type":"if","locations":[{"start":{"line":362,"column":4},"end":{"line":362,"column":40}},{"start":{},"end":{}}],"line":362},"30":{"loc":{"start":{"line":365,"column":4},"end":{"line":368,"column":5}},"type":"if","locations":[{"start":{"line":365,"column":4},"end":{"line":368,"column":5}},{"start":{},"end":{}}],"line":365},"31":{"loc":{"start":{"line":370,"column":4},"end":{"line":377,"column":5}},"type":"if","locations":[{"start":{"line":370,"column":4},"end":{"line":377,"column":5}},{"start":{},"end":{}}],"line":370},"32":{"loc":{"start":{"line":372,"column":8},"end":{"line":374,"column":22}},"type":"cond-expr","locations":[{"start":{"line":373,"column":10},"end":{"line":373,"column":25}},{"start":{"line":374,"column":10},"end":{"line":374,"column":22}}],"line":372},"33":{"loc":{"start":{"line":372,"column":8},"end":{"line":372,"column":78}},"type":"binary-expr","locations":[{"start":{"line":372,"column":8},"end":{"line":372,"column":18}},{"start":{"line":372,"column":22},"end":{"line":372,"column":78}}],"line":372},"34":{"loc":{"start":{"line":379,"column":4},"end":{"line":385,"column":5}},"type":"if","locations":[{"start":{"line":379,"column":4},"end":{"line":385,"column":5}},{"start":{"line":383,"column":11},"end":{"line":385,"column":5}}],"line":379},"35":{"loc":{"start":{"line":379,"column":8},"end":{"line":379,"column":77}},"type":"binary-expr","locations":[{"start":{"line":379,"column":8},"end":{"line":379,"column":30}},{"start":{"line":379,"column":34},"end":{"line":379,"column":77}}],"line":379},"36":{"loc":{"start":{"line":387,"column":4},"end":{"line":390,"column":5}},"type":"if","locations":[{"start":{"line":387,"column":4},"end":{"line":390,"column":5}},{"start":{},"end":{}}],"line":387},"37":{"loc":{"start":{"line":387,"column":8},"end":{"line":387,"column":78}},"type":"binary-expr","locations":[{"start":{"line":387,"column":8},"end":{"line":387,"column":18}},{"start":{"line":387,"column":22},"end":{"line":387,"column":78}}],"line":387},"38":{"loc":{"start":{"line":391,"column":4},"end":{"line":410,"column":5}},"type":"if","locations":[{"start":{"line":391,"column":4},"end":{"line":410,"column":5}},{"start":{},"end":{}}],"line":391},"39":{"loc":{"start":{"line":391,"column":8},"end":{"line":391,"column":78}},"type":"binary-expr","locations":[{"start":{"line":391,"column":8},"end":{"line":391,"column":18}},{"start":{"line":391,"column":22},"end":{"line":391,"column":78}}],"line":391},"40":{"loc":{"start":{"line":393,"column":6},"end":{"line":408,"column":7}},"type":"if","locations":[{"start":{"line":393,"column":6},"end":{"line":408,"column":7}},{"start":{"line":406,"column":13},"end":{"line":408,"column":7}}],"line":393},"41":{"loc":{"start":{"line":417,"column":4},"end":{"line":420,"column":5}},"type":"if","locations":[{"start":{"line":417,"column":4},"end":{"line":420,"column":5}},{"start":{},"end":{}}],"line":417},"42":{"loc":{"start":{"line":417,"column":8},"end":{"line":417,"column":75}},"type":"binary-expr","locations":[{"start":{"line":417,"column":8},"end":{"line":417,"column":30}},{"start":{"line":417,"column":34},"end":{"line":417,"column":75}}],"line":417},"43":{"loc":{"start":{"line":433,"column":4},"end":{"line":433,"column":40}},"type":"if","locations":[{"start":{"line":433,"column":4},"end":{"line":433,"column":40}},{"start":{},"end":{}}],"line":433},"44":{"loc":{"start":{"line":443,"column":4},"end":{"line":446,"column":5}},"type":"if","locations":[{"start":{"line":443,"column":4},"end":{"line":446,"column":5}},{"start":{},"end":{}}],"line":443}},"s":{"0":2,"1":2,"2":2,"3":7,"4":7,"5":7,"6":7,"7":7,"8":7,"9":7,"10":0,"11":0,"12":0,"13":0,"14":0,"15":0,"16":0,"17":0,"18":0,"19":0,"20":0,"21":0,"22":0,"23":0,"24":0,"25":0,"26":0,"27":0,"28":0,"29":0,"30":0,"31":0,"32":0,"33":0,"34":0,"35":0,"36":0,"37":0,"38":0,"39":0,"40":0,"41":2,"42":2,"43":2,"44":2,"45":2,"46":1,"47":1,"48":1,"49":0,"50":0,"51":0,"52":0,"53":0,"54":0,"55":1,"56":1,"57":1,"58":1,"59":1,"60":1,"61":1,"62":0,"63":1,"64":0,"65":0,"66":0,"67":0,"68":0,"69":0,"70":0,"71":0,"72":0,"73":0,"74":0,"75":0,"76":0,"77":0,"78":0,"79":0,"80":0,"81":0,"82":0,"83":0,"84":0,"85":0,"86":0,"87":0,"88":0,"89":0,"90":0,"91":0,"92":0,"93":0,"94":0,"95":0,"96":0,"97":0,"98":0,"99":0,"100":0,"101":0,"102":0,"103":0,"104":0,"105":0,"106":0,"107":0,"108":0,"109":0,"110":0,"111":0,"112":0,"113":0,"114":0,"115":0,"116":0,"117":0,"118":0,"119":0,"120":0,"121":0,"122":0,"123":0,"124":0,"125":0,"126":0,"127":0,"128":0,"129":0,"130":0,"131":0,"132":0,"133":0,"134":0,"135":0,"136":0,"137":0,"138":0,"139":0,"140":0,"141":1,"142":1,"143":0,"144":0,"145":0,"146":0,"147":0,"148":0,"149":0,"150":0,"151":0,"152":0,"153":0,"154":0,"155":0,"156":0,"157":0,"158":0,"159":0,"160":0,"161":0,"162":0,"163":0,"164":0,"165":0,"166":0,"167":0,"168":0,"169":0,"170":0,"171":0,"172":0,"173":0,"174":0,"175":0,"176":2,"177":2,"178":2,"179":2,"180":2,"181":1,"182":1,"183":0,"184":0,"185":1,"186":2,"187":2,"188":2,"189":2,"190":2,"191":0,"192":0,"193":0,"194":0,"195":0,"196":0,"197":0,"198":0,"199":0,"200":0,"201":0,"202":0,"203":0,"204":0,"205":0,"206":0,"207":0,"208":0,"209":0,"210":0,"211":0,"212":0,"213":0,"214":0,"215":0,"216":0,"217":0,"218":0,"219":0,"220":0,"221":0,"222":0,"223":0,"224":0,"225":0,"226":0,"227":0,"228":0,"229":0,"230":0,"231":0,"232":0,"233":0,"234":0,"235":0,"236":0,"237":0,"238":0,"239":0,"240":0,"241":0,"242":0,"243":0,"244":0,"245":0,"246":0,"247":0,"248":0,"249":0,"250":0,"251":0,"252":0,"253":0,"254":0,"255":0,"256":0,"257":0,"258":0,"259":0,"260":0,"261":0,"262":0,"263":0,"264":0,"265":0,"266":0,"267":0,"268":0,"269":0},"f":{"0":7,"1":0,"2":0,"3":0,"4":0,"5":0,"6":0,"7":0,"8":0,"9":2,"10":0,"11":0,"12":0,"13":0,"14":0,"15":0,"16":0,"17":0,"18":0,"19":0,"20":0,"21":0,"22":0,"23":1,"24":0,"25":0,"26":0,"27":2,"28":2,"29":0,"30":0,"31":0,"32":0,"33":0,"34":0,"35":0,"36":0,"37":0,"38":0,"39":0,"40":0},"b":{"0":[0,0],"1":[0,0],"2":[1,0],"3":[0,0],"4":[0,0],"5":[0,0],"6":[0,0],"7":[0,0],"8":[0,0],"9":[0,0],"10":[0,0],"11":[0,0],"12":[0,0],"13":[0,0],"14":[0,0],"15":[0,0],"16":[0,0],"17":[0,0],"18":[0,0],"19":[0,0],"20":[0,0],"21":[0,0],"22":[0,0],"23":[0,0],"24":[0,0],"25":[0,0],"26":[1,1],"27":[0,1],"28":[0,0],"29":[0,0],"30":[0,0],"31":[0,0],"32":[0,0],"33":[0,0],"34":[0,0],"35":[0,0],"36":[0,0],"37":[0,0],"38":[0,0],"39":[0,0],"40":[0,0],"41":[0,0],"42":[0,0],"43":[0,0],"44":[0,0]},"_coverageSchema":"1a1c01bbd47fc00a2c39e90264f33305004495a9","hash":"e42295cded41fe11972e1135c449499bdb320ca3"}
,"C:\\Users\\EK\\Desktop\\js-advanced-diploma-KL\\src\\js\\GamePlay.js": {"path":"C:\\Users\\EK\\Desktop\\js-advanced-diploma-KL\\src\\js\\GamePlay.js","statementMap":{"0":{"start":{"line":8,"column":4},"end":{"line":8,"column":23}},"1":{"start":{"line":9,"column":4},"end":{"line":9,"column":26}},"2":{"start":{"line":10,"column":4},"end":{"line":10,"column":24}},"3":{"start":{"line":11,"column":4},"end":{"line":11,"column":20}},"4":{"start":{"line":12,"column":4},"end":{"line":12,"column":33}},"5":{"start":{"line":13,"column":4},"end":{"line":13,"column":33}},"6":{"start":{"line":14,"column":4},"end":{"line":14,"column":33}},"7":{"start":{"line":15,"column":4},"end":{"line":15,"column":31}},"8":{"start":{"line":16,"column":4},"end":{"line":16,"column":32}},"9":{"start":{"line":17,"column":4},"end":{"line":17,"column":32}},"10":{"start":{"line":21,"column":4},"end":{"line":23,"column":5}},"11":{"start":{"line":22,"column":6},"end":{"line":22,"column":54}},"12":{"start":{"line":24,"column":4},"end":{"line":24,"column":31}},"13":{"start":{"line":33,"column":4},"end":{"line":33,"column":24}},"14":{"start":{"line":35,"column":4},"end":{"line":44,"column":6}},"15":{"start":{"line":46,"column":4},"end":{"line":46,"column":78}},"16":{"start":{"line":47,"column":4},"end":{"line":47,"column":76}},"17":{"start":{"line":48,"column":4},"end":{"line":48,"column":76}},"18":{"start":{"line":50,"column":4},"end":{"line":50,"column":82}},"19":{"start":{"line":50,"column":54},"end":{"line":50,"column":80}},"20":{"start":{"line":51,"column":4},"end":{"line":51,"column":84}},"21":{"start":{"line":51,"column":55},"end":{"line":51,"column":82}},"22":{"start":{"line":52,"column":4},"end":{"line":52,"column":84}},"23":{"start":{"line":52,"column":55},"end":{"line":52,"column":82}},"24":{"start":{"line":54,"column":4},"end":{"line":54,"column":67}},"25":{"start":{"line":56,"column":4},"end":{"line":56,"column":38}},"26":{"start":{"line":57,"column":4},"end":{"line":64,"column":5}},"27":{"start":{"line":57,"column":17},"end":{"line":57,"column":18}},"28":{"start":{"line":58,"column":21},"end":{"line":58,"column":50}},"29":{"start":{"line":59,"column":6},"end":{"line":59,"column":94}},"30":{"start":{"line":60,"column":6},"end":{"line":60,"column":78}},"31":{"start":{"line":60,"column":53},"end":{"line":60,"column":76}},"32":{"start":{"line":61,"column":6},"end":{"line":61,"column":78}},"33":{"start":{"line":61,"column":53},"end":{"line":61,"column":76}},"34":{"start":{"line":62,"column":6},"end":{"line":62,"column":73}},"35":{"start":{"line":62,"column":48},"end":{"line":62,"column":71}},"36":{"start":{"line":63,"column":6},"end":{"line":63,"column":39}},"37":{"start":{"line":66,"column":4},"end":{"line":66,"column":51}},"38":{"start":{"line":75,"column":4},"end":{"line":77,"column":5}},"39":{"start":{"line":76,"column":6},"end":{"line":76,"column":26}},"40":{"start":{"line":79,"column":4},"end":{"line":94,"column":5}},"41":{"start":{"line":80,"column":21},"end":{"line":80,"column":61}},"42":{"start":{"line":81,"column":21},"end":{"line":81,"column":50}},"43":{"start":{"line":82,"column":6},"end":{"line":82,"column":65}},"44":{"start":{"line":84,"column":23},"end":{"line":84,"column":52}},"45":{"start":{"line":85,"column":6},"end":{"line":85,"column":45}},"46":{"start":{"line":87,"column":32},"end":{"line":87,"column":61}},"47":{"start":{"line":88,"column":6},"end":{"line":88,"column":136}},"48":{"start":{"line":89,"column":6},"end":{"line":89,"column":70}},"49":{"start":{"line":90,"column":6},"end":{"line":90,"column":46}},"50":{"start":{"line":92,"column":6},"end":{"line":92,"column":35}},"51":{"start":{"line":93,"column":6},"end":{"line":93,"column":33}},"52":{"start":{"line":103,"column":4},"end":{"line":103,"column":43}},"53":{"start":{"line":112,"column":4},"end":{"line":112,"column":43}},"54":{"start":{"line":121,"column":4},"end":{"line":121,"column":43}},"55":{"start":{"line":130,"column":4},"end":{"line":130,"column":41}},"56":{"start":{"line":139,"column":4},"end":{"line":139,"column":42}},"57":{"start":{"line":148,"column":4},"end":{"line":148,"column":42}},"58":{"start":{"line":152,"column":4},"end":{"line":152,"column":27}},"59":{"start":{"line":153,"column":18},"end":{"line":153,"column":57}},"60":{"start":{"line":154,"column":4},"end":{"line":154,"column":62}},"61":{"start":{"line":154,"column":41},"end":{"line":154,"column":60}},"62":{"start":{"line":158,"column":4},"end":{"line":158,"column":27}},"63":{"start":{"line":159,"column":18},"end":{"line":159,"column":57}},"64":{"start":{"line":160,"column":4},"end":{"line":160,"column":62}},"65":{"start":{"line":160,"column":41},"end":{"line":160,"column":60}},"66":{"start":{"line":164,"column":18},"end":{"line":164,"column":57}},"67":{"start":{"line":165,"column":4},"end":{"line":165,"column":62}},"68":{"start":{"line":165,"column":41},"end":{"line":165,"column":60}},"69":{"start":{"line":169,"column":4},"end":{"line":169,"column":27}},"70":{"start":{"line":170,"column":4},"end":{"line":170,"column":53}},"71":{"start":{"line":170,"column":39},"end":{"line":170,"column":51}},"72":{"start":{"line":174,"column":4},"end":{"line":174,"column":27}},"73":{"start":{"line":175,"column":4},"end":{"line":175,"column":54}},"74":{"start":{"line":175,"column":40},"end":{"line":175,"column":52}},"75":{"start":{"line":179,"column":4},"end":{"line":179,"column":27}},"76":{"start":{"line":180,"column":4},"end":{"line":180,"column":54}},"77":{"start":{"line":180,"column":40},"end":{"line":180,"column":52}},"78":{"start":{"line":184,"column":4},"end":{"line":184,"column":19}},"79":{"start":{"line":188,"column":4},"end":{"line":188,"column":19}},"80":{"start":{"line":192,"column":4},"end":{"line":192,"column":29}},"81":{"start":{"line":193,"column":4},"end":{"line":193,"column":69}},"82":{"start":{"line":197,"column":17},"end":{"line":197,"column":34}},"83":{"start":{"line":198,"column":4},"end":{"line":199,"column":46}},"84":{"start":{"line":199,"column":19},"end":{"line":199,"column":43}},"85":{"start":{"line":203,"column":4},"end":{"line":203,"column":38}},"86":{"start":{"line":207,"column":4},"end":{"line":207,"column":33}},"87":{"start":{"line":211,"column":4},"end":{"line":224,"column":7}},"88":{"start":{"line":212,"column":19},"end":{"line":212,"column":36}},"89":{"start":{"line":213,"column":23},"end":{"line":213,"column":53}},"90":{"start":{"line":214,"column":6},"end":{"line":214,"column":36}},"91":{"start":{"line":215,"column":6},"end":{"line":215,"column":39}},"92":{"start":{"line":216,"column":6},"end":{"line":216,"column":33}},"93":{"start":{"line":218,"column":6},"end":{"line":223,"column":9}},"94":{"start":{"line":219,"column":8},"end":{"line":221,"column":9}},"95":{"start":{"line":220,"column":10},"end":{"line":220,"column":55}},"96":{"start":{"line":222,"column":8},"end":{"line":222,"column":18}},"97":{"start":{"line":228,"column":4},"end":{"line":228,"column":39}},"98":{"start":{"line":232,"column":4},"end":{"line":234,"column":5}},"99":{"start":{"line":233,"column":6},"end":{"line":233,"column":50}}},"fnMap":{"0":{"name":"(anonymous_0)","decl":{"start":{"line":7,"column":2},"end":{"line":7,"column":3}},"loc":{"start":{"line":7,"column":16},"end":{"line":18,"column":3}},"line":7},"1":{"name":"(anonymous_1)","decl":{"start":{"line":20,"column":2},"end":{"line":20,"column":3}},"loc":{"start":{"line":20,"column":23},"end":{"line":25,"column":3}},"line":20},"2":{"name":"(anonymous_2)","decl":{"start":{"line":32,"column":2},"end":{"line":32,"column":3}},"loc":{"start":{"line":32,"column":16},"end":{"line":67,"column":3}},"line":32},"3":{"name":"(anonymous_3)","decl":{"start":{"line":50,"column":45},"end":{"line":50,"column":46}},"loc":{"start":{"line":50,"column":54},"end":{"line":50,"column":80}},"line":50},"4":{"name":"(anonymous_4)","decl":{"start":{"line":51,"column":46},"end":{"line":51,"column":47}},"loc":{"start":{"line":51,"column":55},"end":{"line":51,"column":82}},"line":51},"5":{"name":"(anonymous_5)","decl":{"start":{"line":52,"column":46},"end":{"line":52,"column":47}},"loc":{"start":{"line":52,"column":55},"end":{"line":52,"column":82}},"line":52},"6":{"name":"(anonymous_6)","decl":{"start":{"line":60,"column":44},"end":{"line":60,"column":45}},"loc":{"start":{"line":60,"column":53},"end":{"line":60,"column":76}},"line":60},"7":{"name":"(anonymous_7)","decl":{"start":{"line":61,"column":44},"end":{"line":61,"column":45}},"loc":{"start":{"line":61,"column":53},"end":{"line":61,"column":76}},"line":61},"8":{"name":"(anonymous_8)","decl":{"start":{"line":62,"column":39},"end":{"line":62,"column":40}},"loc":{"start":{"line":62,"column":48},"end":{"line":62,"column":71}},"line":62},"9":{"name":"(anonymous_9)","decl":{"start":{"line":74,"column":2},"end":{"line":74,"column":3}},"loc":{"start":{"line":74,"column":29},"end":{"line":95,"column":3}},"line":74},"10":{"name":"(anonymous_10)","decl":{"start":{"line":102,"column":2},"end":{"line":102,"column":3}},"loc":{"start":{"line":102,"column":33},"end":{"line":104,"column":3}},"line":102},"11":{"name":"(anonymous_11)","decl":{"start":{"line":111,"column":2},"end":{"line":111,"column":3}},"loc":{"start":{"line":111,"column":33},"end":{"line":113,"column":3}},"line":111},"12":{"name":"(anonymous_12)","decl":{"start":{"line":120,"column":2},"end":{"line":120,"column":3}},"loc":{"start":{"line":120,"column":33},"end":{"line":122,"column":3}},"line":120},"13":{"name":"(anonymous_13)","decl":{"start":{"line":129,"column":2},"end":{"line":129,"column":3}},"loc":{"start":{"line":129,"column":31},"end":{"line":131,"column":3}},"line":129},"14":{"name":"(anonymous_14)","decl":{"start":{"line":138,"column":2},"end":{"line":138,"column":3}},"loc":{"start":{"line":138,"column":32},"end":{"line":140,"column":3}},"line":138},"15":{"name":"(anonymous_15)","decl":{"start":{"line":147,"column":2},"end":{"line":147,"column":3}},"loc":{"start":{"line":147,"column":32},"end":{"line":149,"column":3}},"line":147},"16":{"name":"(anonymous_16)","decl":{"start":{"line":151,"column":2},"end":{"line":151,"column":3}},"loc":{"start":{"line":151,"column":21},"end":{"line":155,"column":3}},"line":151},"17":{"name":"(anonymous_17)","decl":{"start":{"line":154,"column":36},"end":{"line":154,"column":37}},"loc":{"start":{"line":154,"column":41},"end":{"line":154,"column":60}},"line":154},"18":{"name":"(anonymous_18)","decl":{"start":{"line":157,"column":2},"end":{"line":157,"column":3}},"loc":{"start":{"line":157,"column":21},"end":{"line":161,"column":3}},"line":157},"19":{"name":"(anonymous_19)","decl":{"start":{"line":160,"column":36},"end":{"line":160,"column":37}},"loc":{"start":{"line":160,"column":41},"end":{"line":160,"column":60}},"line":160},"20":{"name":"(anonymous_20)","decl":{"start":{"line":163,"column":2},"end":{"line":163,"column":3}},"loc":{"start":{"line":163,"column":21},"end":{"line":166,"column":3}},"line":163},"21":{"name":"(anonymous_21)","decl":{"start":{"line":165,"column":36},"end":{"line":165,"column":37}},"loc":{"start":{"line":165,"column":41},"end":{"line":165,"column":60}},"line":165},"22":{"name":"(anonymous_22)","decl":{"start":{"line":168,"column":2},"end":{"line":168,"column":3}},"loc":{"start":{"line":168,"column":24},"end":{"line":171,"column":3}},"line":168},"23":{"name":"(anonymous_23)","decl":{"start":{"line":170,"column":34},"end":{"line":170,"column":35}},"loc":{"start":{"line":170,"column":39},"end":{"line":170,"column":51}},"line":170},"24":{"name":"(anonymous_24)","decl":{"start":{"line":173,"column":2},"end":{"line":173,"column":3}},"loc":{"start":{"line":173,"column":25},"end":{"line":176,"column":3}},"line":173},"25":{"name":"(anonymous_25)","decl":{"start":{"line":175,"column":35},"end":{"line":175,"column":36}},"loc":{"start":{"line":175,"column":40},"end":{"line":175,"column":52}},"line":175},"26":{"name":"(anonymous_26)","decl":{"start":{"line":178,"column":2},"end":{"line":178,"column":3}},"loc":{"start":{"line":178,"column":25},"end":{"line":181,"column":3}},"line":178},"27":{"name":"(anonymous_27)","decl":{"start":{"line":180,"column":35},"end":{"line":180,"column":36}},"loc":{"start":{"line":180,"column":40},"end":{"line":180,"column":52}},"line":180},"28":{"name":"(anonymous_28)","decl":{"start":{"line":183,"column":2},"end":{"line":183,"column":3}},"loc":{"start":{"line":183,"column":28},"end":{"line":185,"column":3}},"line":183},"29":{"name":"(anonymous_29)","decl":{"start":{"line":187,"column":2},"end":{"line":187,"column":3}},"loc":{"start":{"line":187,"column":30},"end":{"line":189,"column":3}},"line":187},"30":{"name":"(anonymous_30)","decl":{"start":{"line":191,"column":2},"end":{"line":191,"column":3}},"loc":{"start":{"line":191,"column":38},"end":{"line":194,"column":3}},"line":191},"31":{"name":"(anonymous_31)","decl":{"start":{"line":196,"column":2},"end":{"line":196,"column":3}},"loc":{"start":{"line":196,"column":22},"end":{"line":200,"column":3}},"line":196},"32":{"name":"(anonymous_32)","decl":{"start":{"line":199,"column":14},"end":{"line":199,"column":15}},"loc":{"start":{"line":199,"column":19},"end":{"line":199,"column":43}},"line":199},"33":{"name":"(anonymous_33)","decl":{"start":{"line":202,"column":2},"end":{"line":202,"column":3}},"loc":{"start":{"line":202,"column":34},"end":{"line":204,"column":3}},"line":202},"34":{"name":"(anonymous_34)","decl":{"start":{"line":206,"column":2},"end":{"line":206,"column":3}},"loc":{"start":{"line":206,"column":25},"end":{"line":208,"column":3}},"line":206},"35":{"name":"(anonymous_35)","decl":{"start":{"line":210,"column":2},"end":{"line":210,"column":3}},"loc":{"start":{"line":210,"column":28},"end":{"line":225,"column":3}},"line":210},"36":{"name":"(anonymous_36)","decl":{"start":{"line":211,"column":23},"end":{"line":211,"column":24}},"loc":{"start":{"line":211,"column":36},"end":{"line":224,"column":5}},"line":211},"37":{"name":"(anonymous_37)","decl":{"start":{"line":218,"column":48},"end":{"line":218,"column":49}},"loc":{"start":{"line":218,"column":54},"end":{"line":223,"column":7}},"line":218},"38":{"name":"(anonymous_38)","decl":{"start":{"line":227,"column":2},"end":{"line":227,"column":3}},"loc":{"start":{"line":227,"column":20},"end":{"line":229,"column":3}},"line":227},"39":{"name":"(anonymous_39)","decl":{"start":{"line":231,"column":2},"end":{"line":231,"column":3}},"loc":{"start":{"line":231,"column":17},"end":{"line":235,"column":3}},"line":231}},"branchMap":{"0":{"loc":{"start":{"line":21,"column":4},"end":{"line":23,"column":5}},"type":"if","locations":[{"start":{"line":21,"column":4},"end":{"line":23,"column":5}},{"start":{},"end":{}}],"line":21},"1":{"loc":{"start":{"line":191,"column":20},"end":{"line":191,"column":36}},"type":"default-arg","locations":[{"start":{"line":191,"column":28},"end":{"line":191,"column":36}}],"line":191},"2":{"loc":{"start":{"line":219,"column":8},"end":{"line":221,"column":9}},"type":"if","locations":[{"start":{"line":219,"column":8},"end":{"line":221,"column":9}},{"start":{},"end":{}}],"line":219},"3":{"loc":{"start":{"line":232,"column":4},"end":{"line":234,"column":5}},"type":"if","locations":[{"start":{"line":232,"column":4},"end":{"line":234,"column":5}},{"start":{},"end":{}}],"line":232}},"s":{"0":0,"1":0,"2":0,"3":0,"4":0,"5":0,"6":0,"7":0,"8":0,"9":0,"10":0,"11":0,"12":0,"13":0,"14":0,"15":0,"16":0,"17":0,"18":0,"19":0,"20":0,"21":0,"22":0,"23":0,"24":0,"25":0,"26":0,"27":0,"28":0,"29":0,"30":0,"31":0,"32":0,"33":0,"34":0,"35":0,"36":0,"37":0,"38":0,"39":0,"40":0,"41":0,"42":0,"43":0,"44":0,"45":0,"46":0,"47":0,"48":0,"49":0,"50":0,"51":0,"52":0,"53":0,"54":0,"55":0,"56":0,"57":0,"58":0,"59":0,"60":0,"61":0,"62":0,"63":0,"64":0,"65":0,"66":0,"67":0,"68":0,"69":0,"70":0,"71":0,"72":0,"73":0,"74":0,"75":0,"76":0,"77":0,"78":0,"79":0,"80":0,"81":0,"82":0,"83":0,"84":0,"85":0,"86":0,"87":0,"88":0,"89":0,"90":0,"91":0,"92":0,"93":0,"94":0,"95":0,"96":0,"97":0,"98":0,"99":0},"f":{"0":0,"1":0,"2":0,"3":0,"4":0,"5":0,"6":0,"7":0,"8":0,"9":0,"10":0,"11":0,"12":0,"13":0,"14":0,"15":0,"16":0,"17":0,"18":0,"19":0,"20":0,"21":0,"22":0,"23":0,"24":0,"25":0,"26":0,"27":0,"28":0,"29":0,"30":0,"31":0,"32":0,"33":0,"34":0,"35":0,"36":0,"37":0,"38":0,"39":0},"b":{"0":[0,0],"1":[0],"2":[0,0],"3":[0,0]},"_coverageSchema":"1a1c01bbd47fc00a2c39e90264f33305004495a9","hash":"d183e813883dd28ddc7c938c5aea6b68754a6dfa"}
,"C:\\Users\\EK\\Desktop\\js-advanced-diploma-KL\\src\\js\\GameState.js": {"path":"C:\\Users\\EK\\Desktop\\js-advanced-diploma-KL\\src\\js\\GameState.js","statementMap":{"0":{"start":{"line":3,"column":4},"end":{"line":3,"column":24}},"1":{"start":{"line":4,"column":4},"end":{"line":4,"column":34}},"2":{"start":{"line":5,"column":4},"end":{"line":5,"column":19}},"3":{"start":{"line":6,"column":4},"end":{"line":6,"column":26}},"4":{"start":{"line":7,"column":4},"end":{"line":7,"column":19}},"5":{"start":{"line":8,"column":4},"end":{"line":8,"column":22}},"6":{"start":{"line":9,"column":4},"end":{"line":9,"column":27}},"7":{"start":{"line":13,"column":4},"end":{"line":28,"column":6}},"8":{"start":{"line":14,"column":42},"end":{"line":21,"column":7}},"9":{"start":{"line":32,"column":18},"end":{"line":32,"column":33}},"10":{"start":{"line":33,"column":4},"end":{"line":33,"column":33}},"11":{"start":{"line":34,"column":4},"end":{"line":34,"column":17}}},"fnMap":{"0":{"name":"(anonymous_0)","decl":{"start":{"line":2,"column":2},"end":{"line":2,"column":3}},"loc":{"start":{"line":2,"column":16},"end":{"line":10,"column":3}},"line":2},"1":{"name":"(anonymous_1)","decl":{"start":{"line":12,"column":2},"end":{"line":12,"column":3}},"loc":{"start":{"line":12,"column":11},"end":{"line":29,"column":3}},"line":12},"2":{"name":"(anonymous_2)","decl":{"start":{"line":14,"column":36},"end":{"line":14,"column":37}},"loc":{"start":{"line":14,"column":42},"end":{"line":21,"column":7}},"line":14},"3":{"name":"(anonymous_3)","decl":{"start":{"line":31,"column":2},"end":{"line":31,"column":3}},"loc":{"start":{"line":31,"column":22},"end":{"line":35,"column":3}},"line":31}},"branchMap":{},"s":{"0":8,"1":8,"2":8,"3":8,"4":8,"5":8,"6":8,"7":0,"8":0,"9":1,"10":1,"11":1},"f":{"0":8,"1":0,"2":0,"3":1},"b":{},"_coverageSchema":"1a1c01bbd47fc00a2c39e90264f33305004495a9","hash":"c913291e368ce291e06ddb62a2fb2e353638e025"}
,"C:\\Users\\EK\\Desktop\\js-advanced-diploma-KL\\src\\js\\GameStateService.js": {"path":"C:\\Users\\EK\\Desktop\\js-advanced-diploma-KL\\src\\js\\GameStateService.js","statementMap":{"0":{"start":{"line":3,"column":4},"end":{"line":3,"column":27}},"1":{"start":{"line":7,"column":4},"end":{"line":7,"column":57}},"2":{"start":{"line":11,"column":4},"end":{"line":15,"column":5}},"3":{"start":{"line":12,"column":6},"end":{"line":12,"column":55}},"4":{"start":{"line":14,"column":6},"end":{"line":14,"column":53}}},"fnMap":{"0":{"name":"(anonymous_0)","decl":{"start":{"line":2,"column":2},"end":{"line":2,"column":3}},"loc":{"start":{"line":2,"column":23},"end":{"line":4,"column":3}},"line":2},"1":{"name":"(anonymous_1)","decl":{"start":{"line":6,"column":2},"end":{"line":6,"column":3}},"loc":{"start":{"line":6,"column":14},"end":{"line":8,"column":3}},"line":6},"2":{"name":"(anonymous_2)","decl":{"start":{"line":10,"column":2},"end":{"line":10,"column":3}},"loc":{"start":{"line":10,"column":9},"end":{"line":16,"column":3}},"line":10}},"branchMap":{},"s":{"0":3,"1":0,"2":0,"3":0,"4":0},"f":{"0":3,"1":0,"2":0},"b":{},"_coverageSchema":"1a1c01bbd47fc00a2c39e90264f33305004495a9","hash":"aba56534eb2a79a6e9be7823a580a976ce8bad4c"}
,"C:\\Users\\EK\\Desktop\\js-advanced-diploma-KL\\src\\js\\PositionedCharacter.js": {"path":"C:\\Users\\EK\\Desktop\\js-advanced-diploma-KL\\src\\js\\PositionedCharacter.js","statementMap":{"0":{"start":{"line":5,"column":4},"end":{"line":7,"column":5}},"1":{"start":{"line":6,"column":6},"end":{"line":6,"column":79}},"2":{"start":{"line":9,"column":4},"end":{"line":11,"column":5}},"3":{"start":{"line":10,"column":6},"end":{"line":10,"column":51}},"4":{"start":{"line":12,"column":4},"end":{"line":12,"column":31}},"5":{"start":{"line":13,"column":4},"end":{"line":13,"column":29}}},"fnMap":{"0":{"name":"(anonymous_0)","decl":{"start":{"line":4,"column":2},"end":{"line":4,"column":3}},"loc":{"start":{"line":4,"column":35},"end":{"line":14,"column":3}},"line":4}},"branchMap":{"0":{"loc":{"start":{"line":5,"column":4},"end":{"line":7,"column":5}},"type":"if","locations":[{"start":{"line":5,"column":4},"end":{"line":7,"column":5}},{"start":{},"end":{}}],"line":5},"1":{"loc":{"start":{"line":9,"column":4},"end":{"line":11,"column":5}},"type":"if","locations":[{"start":{"line":9,"column":4},"end":{"line":11,"column":5}},{"start":{},"end":{}}],"line":9}},"s":{"0":10,"1":0,"2":10,"3":0,"4":10,"5":10},"f":{"0":10},"b":{"0":[0,10],"1":[0,10]},"_coverageSchema":"1a1c01bbd47fc00a2c39e90264f33305004495a9","hash":"b92463514ab6d93955cba6243d9a2ec1553eb7c2"}
,"C:\\Users\\EK\\Desktop\\js-advanced-diploma-KL\\src\\js\\cursors.js": {"path":"C:\\Users\\EK\\Desktop\\js-advanced-diploma-KL\\src\\js\\cursors.js","statementMap":{"0":{"start":{"line":1,"column":16},"end":{"line":6,"column":1}}},"fnMap":{},"branchMap":{},"s":{"0":2},"f":{},"b":{},"_coverageSchema":"1a1c01bbd47fc00a2c39e90264f33305004495a9","hash":"88cc452b4aa28c77e4dc5f8494bc4ce76f2ba824"}
,"C:\\Users\\EK\\Desktop\\js-advanced-diploma-KL\\src\\js\\generators.js": {"path":"C:\\Users\\EK\\Desktop\\js-advanced-diploma-KL\\src\\js\\generators.js","statementMap":{"0":{"start":{"line":18,"column":28},"end":{"line":25,"column":1}},"1":{"start":{"line":28,"column":2},"end":{"line":33,"column":3}},"2":{"start":{"line":29,"column":24},"end":{"line":29,"column":71}},"3":{"start":{"line":30,"column":23},"end":{"line":30,"column":48}},"4":{"start":{"line":31,"column":18},"end":{"line":31,"column":58}},"5":{"start":{"line":32,"column":4},"end":{"line":32,"column":32}},"6":{"start":{"line":44,"column":15},"end":{"line":44,"column":17}},"7":{"start":{"line":45,"column":2},"end":{"line":48,"column":3}},"8":{"start":{"line":45,"column":15},"end":{"line":45,"column":16}},"9":{"start":{"line":46,"column":22},"end":{"line":46,"column":64}},"10":{"start":{"line":47,"column":4},"end":{"line":47,"column":38}},"11":{"start":{"line":49,"column":2},"end":{"line":49,"column":14}}},"fnMap":{"0":{"name":"characterGenerator","decl":{"start":{"line":27,"column":17},"end":{"line":27,"column":35}},"loc":{"start":{"line":27,"column":60},"end":{"line":34,"column":1}},"line":27},"1":{"name":"generateTeam","decl":{"start":{"line":43,"column":16},"end":{"line":43,"column":28}},"loc":{"start":{"line":43,"column":69},"end":{"line":50,"column":1}},"line":43}},"branchMap":{},"s":{"0":3,"1":6,"2":12,"3":12,"4":12,"5":12,"6":1,"7":1,"8":1,"9":5,"10":5,"11":1},"f":{"0":6,"1":1},"b":{},"_coverageSchema":"1a1c01bbd47fc00a2c39e90264f33305004495a9","hash":"828535e6477333c88f3d9c7090c45c9a08cf48a9"}
,"C:\\Users\\EK\\Desktop\\js-advanced-diploma-KL\\src\\js\\themes.js": {"path":"C:\\Users\\EK\\Desktop\\js-advanced-diploma-KL\\src\\js\\themes.js","statementMap":{"0":{"start":{"line":1,"column":15},"end":{"line":6,"column":1}}},"fnMap":{},"branchMap":{},"s":{"0":2},"f":{},"b":{},"_coverageSchema":"1a1c01bbd47fc00a2c39e90264f33305004495a9","hash":"4ad52eb9567d6ef68a1194ad5f415baaaddbf11f"}
,"C:\\Users\\EK\\Desktop\\js-advanced-diploma-KL\\src\\js\\utils.js": {"path":"C:\\Users\\EK\\Desktop\\js-advanced-diploma-KL\\src\\js\\utils.js","statementMap":{"0":{"start":{"line":26,"column":2},"end":{"line":28,"column":3}},"1":{"start":{"line":27,"column":4},"end":{"line":27,"column":22}},"2":{"start":{"line":29,"column":2},"end":{"line":31,"column":3}},"3":{"start":{"line":30,"column":4},"end":{"line":30,"column":17}},"4":{"start":{"line":32,"column":2},"end":{"line":34,"column":3}},"5":{"start":{"line":33,"column":4},"end":{"line":33,"column":23}},"6":{"start":{"line":35,"column":2},"end":{"line":37,"column":3}},"7":{"start":{"line":36,"column":4},"end":{"line":36,"column":26}},"8":{"start":{"line":38,"column":2},"end":{"line":40,"column":3}},"9":{"start":{"line":39,"column":4},"end":{"line":39,"column":25}},"10":{"start":{"line":41,"column":2},"end":{"line":43,"column":3}},"11":{"start":{"line":42,"column":4},"end":{"line":42,"column":20}},"12":{"start":{"line":44,"column":2},"end":{"line":46,"column":3}},"13":{"start":{"line":45,"column":4},"end":{"line":45,"column":18}},"14":{"start":{"line":47,"column":2},"end":{"line":49,"column":3}},"15":{"start":{"line":48,"column":4},"end":{"line":48,"column":19}},"16":{"start":{"line":50,"column":2},"end":{"line":50,"column":18}},"17":{"start":{"line":54,"column":2},"end":{"line":56,"column":3}},"18":{"start":{"line":55,"column":4},"end":{"line":55,"column":22}},"19":{"start":{"line":58,"column":2},"end":{"line":60,"column":3}},"20":{"start":{"line":59,"column":4},"end":{"line":59,"column":20}},"21":{"start":{"line":62,"column":2},"end":{"line":62,"column":16}}},"fnMap":{"0":{"name":"calcTileType","decl":{"start":{"line":25,"column":16},"end":{"line":25,"column":28}},"loc":{"start":{"line":25,"column":47},"end":{"line":51,"column":1}},"line":25},"1":{"name":"calcHealthLevel","decl":{"start":{"line":53,"column":16},"end":{"line":53,"column":31}},"loc":{"start":{"line":53,"column":40},"end":{"line":63,"column":1}},"line":53}},"branchMap":{"0":{"loc":{"start":{"line":26,"column":2},"end":{"line":28,"column":3}},"type":"if","locations":[{"start":{"line":26,"column":2},"end":{"line":28,"column":3}},{"start":{},"end":{}}],"line":26},"1":{"loc":{"start":{"line":29,"column":2},"end":{"line":31,"column":3}},"type":"if","locations":[{"start":{"line":29,"column":2},"end":{"line":31,"column":3}},{"start":{},"end":{}}],"line":29},"2":{"loc":{"start":{"line":29,"column":5},"end":{"line":29,"column":39}},"type":"binary-expr","locations":[{"start":{"line":29,"column":5},"end":{"line":29,"column":14}},{"start":{"line":29,"column":18},"end":{"line":29,"column":39}}],"line":29},"3":{"loc":{"start":{"line":32,"column":2},"end":{"line":34,"column":3}},"type":"if","locations":[{"start":{"line":32,"column":2},"end":{"line":34,"column":3}},{"start":{},"end":{}}],"line":32},"4":{"loc":{"start":{"line":35,"column":2},"end":{"line":37,"column":3}},"type":"if","locations":[{"start":{"line":35,"column":2},"end":{"line":37,"column":3}},{"start":{},"end":{}}],"line":35},"5":{"loc":{"start":{"line":38,"column":2},"end":{"line":40,"column":3}},"type":"if","locations":[{"start":{"line":38,"column":2},"end":{"line":40,"column":3}},{"start":{},"end":{}}],"line":38},"6":{"loc":{"start":{"line":41,"column":2},"end":{"line":43,"column":3}},"type":"if","locations":[{"start":{"line":41,"column":2},"end":{"line":43,"column":3}},{"start":{},"end":{}}],"line":41},"7":{"loc":{"start":{"line":41,"column":5},"end":{"line":41,"column":77}},"type":"binary-expr","locations":[{"start":{"line":41,"column":5},"end":{"line":41,"column":45}},{"start":{"line":41,"column":49},"end":{"line":41,"column":77}}],"line":41},"8":{"loc":{"start":{"line":44,"column":2},"end":{"line":46,"column":3}},"type":"if","locations":[{"start":{"line":44,"column":2},"end":{"line":46,"column":3}},{"start":{},"end":{}}],"line":44},"9":{"loc":{"start":{"line":47,"column":2},"end":{"line":49,"column":3}},"type":"if","locations":[{"start":{"line":47,"column":2},"end":{"line":49,"column":3}},{"start":{},"end":{}}],"line":47},"10":{"loc":{"start":{"line":54,"column":2},"end":{"line":56,"column":3}},"type":"if","locations":[{"start":{"line":54,"column":2},"end":{"line":56,"column":3}},{"start":{},"end":{}}],"line":54},"11":{"loc":{"start":{"line":58,"column":2},"end":{"line":60,"column":3}},"type":"if","locations":[{"start":{"line":58,"column":2},"end":{"line":60,"column":3}},{"start":{},"end":{}}],"line":58}},"s":{"0":9,"1":1,"2":8,"3":1,"4":7,"5":1,"6":6,"7":1,"8":5,"9":1,"10":4,"11":1,"12":3,"13":1,"14":2,"15":1,"16":1,"17":0,"18":0,"19":0,"20":0,"21":0},"f":{"0":9,"1":0},"b":{"0":[1,8],"1":[1,7],"2":[8,8],"3":[1,6],"4":[1,5],"5":[1,4],"6":[1,3],"7":[4,1],"8":[1,2],"9":[1,1],"10":[0,0],"11":[0,0]},"_coverageSchema":"1a1c01bbd47fc00a2c39e90264f33305004495a9","hash":"c6f023a74ee3f01c996fc170af0780d851cf035d"}
,"C:\\Users\\EK\\Desktop\\js-advanced-diploma-KL\\src\\js\\characters\\Bowman.js": {"path":"C:\\Users\\EK\\Desktop\\js-advanced-diploma-KL\\src\\js\\characters\\Bowman.js","statementMap":{"0":{"start":{"line":5,"column":4},"end":{"line":5,"column":27}},"1":{"start":{"line":6,"column":4},"end":{"line":6,"column":21}},"2":{"start":{"line":7,"column":4},"end":{"line":7,"column":22}},"3":{"start":{"line":8,"column":4},"end":{"line":8,"column":23}},"4":{"start":{"line":9,"column":4},"end":{"line":9,"column":21}},"5":{"start":{"line":10,"column":4},"end":{"line":10,"column":22}},"6":{"start":{"line":11,"column":4},"end":{"line":11,"column":25}}},"fnMap":{"0":{"name":"(anonymous_0)","decl":{"start":{"line":4,"column":2},"end":{"line":4,"column":3}},"loc":{"start":{"line":4,"column":22},"end":{"line":12,"column":3}},"line":4}},"branchMap":{},"s":{"0":6,"1":6,"2":6,"3":6,"4":6,"5":6,"6":6},"f":{"0":6},"b":{},"_coverageSchema":"1a1c01bbd47fc00a2c39e90264f33305004495a9","hash":"55d69d4de4e991bd1de8a378a7d3de9a8c50cca4"}
,"C:\\Users\\EK\\Desktop\\js-advanced-diploma-KL\\src\\js\\characters\\Daemon.js": {"path":"C:\\Users\\EK\\Desktop\\js-advanced-diploma-KL\\src\\js\\characters\\Daemon.js","statementMap":{"0":{"start":{"line":5,"column":4},"end":{"line":5,"column":27}},"1":{"start":{"line":6,"column":4},"end":{"line":6,"column":21}},"2":{"start":{"line":7,"column":4},"end":{"line":7,"column":22}},"3":{"start":{"line":8,"column":4},"end":{"line":8,"column":23}},"4":{"start":{"line":9,"column":4},"end":{"line":9,"column":21}},"5":{"start":{"line":10,"column":4},"end":{"line":10,"column":22}},"6":{"start":{"line":11,"column":4},"end":{"line":11,"column":25}}},"fnMap":{"0":{"name":"(anonymous_0)","decl":{"start":{"line":4,"column":2},"end":{"line":4,"column":3}},"loc":{"start":{"line":4,"column":21},"end":{"line":12,"column":3}},"line":4}},"branchMap":{},"s":{"0":5,"1":5,"2":5,"3":5,"4":5,"5":5,"6":5},"f":{"0":5},"b":{},"_coverageSchema":"1a1c01bbd47fc00a2c39e90264f33305004495a9","hash":"54c3c0309347fb864a5a631df6ffad317e1a0802"}
,"C:\\Users\\EK\\Desktop\\js-advanced-diploma-KL\\src\\js\\characters\\Magician.js": {"path":"C:\\Users\\EK\\Desktop\\js-advanced-diploma-KL\\src\\js\\characters\\Magician.js","statementMap":{"0":{"start":{"line":5,"column":4},"end":{"line":5,"column":29}},"1":{"start":{"line":6,"column":4},"end":{"line":6,"column":21}},"2":{"start":{"line":7,"column":4},"end":{"line":7,"column":22}},"3":{"start":{"line":8,"column":4},"end":{"line":8,"column":23}},"4":{"start":{"line":9,"column":4},"end":{"line":9,"column":21}},"5":{"start":{"line":10,"column":4},"end":{"line":10,"column":22}},"6":{"start":{"line":11,"column":4},"end":{"line":11,"column":25}}},"fnMap":{"0":{"name":"(anonymous_0)","decl":{"start":{"line":4,"column":2},"end":{"line":4,"column":3}},"loc":{"start":{"line":4,"column":21},"end":{"line":12,"column":3}},"line":4}},"branchMap":{},"s":{"0":4,"1":4,"2":4,"3":4,"4":4,"5":4,"6":4},"f":{"0":4},"b":{},"_coverageSchema":"1a1c01bbd47fc00a2c39e90264f33305004495a9","hash":"c07e9d74ebb5fe25420a3bba75187bbf2bffc64d"}
,"C:\\Users\\EK\\Desktop\\js-advanced-diploma-KL\\src\\js\\characters\\Swordsman.js": {"path":"C:\\Users\\EK\\Desktop\\js-advanced-diploma-KL\\src\\js\\characters\\Swordsman.js","statementMap":{"0":{"start":{"line":5,"column":4},"end":{"line":5,"column":30}},"1":{"start":{"line":6,"column":4},"end":{"line":6,"column":21}},"2":{"start":{"line":7,"column":4},"end":{"line":7,"column":22}},"3":{"start":{"line":8,"column":4},"end":{"line":8,"column":23}},"4":{"start":{"line":9,"column":4},"end":{"line":9,"column":21}},"5":{"start":{"line":10,"column":4},"end":{"line":10,"column":22}},"6":{"start":{"line":11,"column":4},"end":{"line":11,"column":25}}},"fnMap":{"0":{"name":"(anonymous_0)","decl":{"start":{"line":4,"column":2},"end":{"line":4,"column":3}},"loc":{"start":{"line":4,"column":21},"end":{"line":12,"column":3}},"line":4}},"branchMap":{},"s":{"0":5,"1":5,"2":5,"3":5,"4":5,"5":5,"6":5},"f":{"0":5},"b":{},"_coverageSchema":"1a1c01bbd47fc00a2c39e90264f33305004495a9","hash":"eae79fda69faa32951b69c4c141e3c5e033d64dc"}
,"C:\\Users\\EK\\Desktop\\js-advanced-diploma-KL\\src\\js\\characters\\Undead.js": {"path":"C:\\Users\\EK\\Desktop\\js-advanced-diploma-KL\\src\\js\\characters\\Undead.js","statementMap":{"0":{"start":{"line":5,"column":4},"end":{"line":5,"column":27}},"1":{"start":{"line":6,"column":4},"end":{"line":6,"column":21}},"2":{"start":{"line":7,"column":4},"end":{"line":7,"column":22}},"3":{"start":{"line":8,"column":4},"end":{"line":8,"column":23}},"4":{"start":{"line":9,"column":4},"end":{"line":9,"column":21}},"5":{"start":{"line":10,"column":4},"end":{"line":10,"column":22}},"6":{"start":{"line":11,"column":4},"end":{"line":11,"column":25}}},"fnMap":{"0":{"name":"(anonymous_0)","decl":{"start":{"line":4,"column":2},"end":{"line":4,"column":3}},"loc":{"start":{"line":4,"column":21},"end":{"line":12,"column":3}},"line":4}},"branchMap":{},"s":{"0":10,"1":10,"2":10,"3":10,"4":10,"5":10,"6":10},"f":{"0":10},"b":{},"_coverageSchema":"1a1c01bbd47fc00a2c39e90264f33305004495a9","hash":"76c6d83b3138479fbfbcb4789598b701d9fa940e"}
,"C:\\Users\\EK\\Desktop\\js-advanced-diploma-KL\\src\\js\\characters\\Vampire.js": {"path":"C:\\Users\\EK\\Desktop\\js-advanced-diploma-KL\\src\\js\\characters\\Vampire.js","statementMap":{"0":{"start":{"line":5,"column":4},"end":{"line":5,"column":28}},"1":{"start":{"line":6,"column":4},"end":{"line":6,"column":21}},"2":{"start":{"line":7,"column":4},"end":{"line":7,"column":22}},"3":{"start":{"line":8,"column":4},"end":{"line":8,"column":23}},"4":{"start":{"line":9,"column":4},"end":{"line":9,"column":21}},"5":{"start":{"line":10,"column":4},"end":{"line":10,"column":22}},"6":{"start":{"line":11,"column":4},"end":{"line":11,"column":25}}},"fnMap":{"0":{"name":"(anonymous_0)","decl":{"start":{"line":4,"column":2},"end":{"line":4,"column":3}},"loc":{"start":{"line":4,"column":21},"end":{"line":12,"column":3}},"line":4}},"branchMap":{},"s":{"0":7,"1":7,"2":7,"3":7,"4":7,"5":7,"6":7},"f":{"0":7},"b":{},"_coverageSchema":"1a1c01bbd47fc00a2c39e90264f33305004495a9","hash":"2ccaaff3e1767ce127a9166c7bc3bb1920f48bb0"}
}
