TN:
SF:src\js\Character.js
FN:19,(anonymous_0)
FN:54,(anonymous_1)
FNF:2
FNH:2
FNDA:38,(anonymous_0)
FNDA:58,(anonymous_1)
DA:21,38
DA:22,1
DA:25,37
DA:26,37
DA:27,37
DA:28,37
DA:29,37
DA:32,37
DA:33,58
DA:36,37
DA:45,37
DA:46,0
DA:49,37
DA:50,0
DA:55,58
DA:57,58
DA:59,58
DA:64,58
LF:18
LH:16
BRDA:19,0,0,1
BRDA:21,1,0,1
BRDA:21,1,1,37
BRDA:45,2,0,0
BRDA:45,2,1,37
BRDA:49,3,0,0
BRDA:49,3,1,37
BRF:7
BRH:5
end_of_record
TN:
SF:src\js\GameController.js
FN:31,(anonymous_0)
FN:46,(anonymous_1)
FN:54,(anonymous_2)
FN:61,(anonymous_3)
FN:63,(anonymous_4)
FN:64,(anonymous_5)
FN:74,(anonymous_6)
FN:75,(anonymous_7)
FN:77,(anonymous_8)
FN:97,(anonymous_9)
FN:108,(anonymous_10)
FN:140,(anonymous_11)
FN:160,(anonymous_12)
FN:163,(anonymous_13)
FN:164,(anonymous_14)
FN:180,(anonymous_15)
FN:181,(anonymous_16)
FN:209,(anonymous_17)
FN:213,(anonymous_18)
FN:216,(anonymous_19)
FN:217,(anonymous_20)
FN:228,(anonymous_21)
FN:233,(anonymous_22)
FN:246,(anonymous_23)
FN:256,(anonymous_24)
FN:273,(anonymous_25)
FN:279,(anonymous_26)
FN:303,(anonymous_27)
FN:320,(anonymous_28)
FN:330,(anonymous_29)
FN:335,(anonymous_30)
FN:360,(anonymous_31)
FN:364,(anonymous_32)
FN:372,(anonymous_33)
FN:387,(anonymous_34)
FN:391,(anonymous_35)
FN:414,(anonymous_36)
FN:424,(anonymous_37)
FN:432,(anonymous_38)
FN:440,(anonymous_39)
FN:450,(anonymous_40)
FNF:41
FNH:5
FNDA:7,(anonymous_0)
FNDA:0,(anonymous_1)
FNDA:0,(anonymous_2)
FNDA:0,(anonymous_3)
FNDA:0,(anonymous_4)
FNDA:0,(anonymous_5)
FNDA:0,(anonymous_6)
FNDA:0,(anonymous_7)
FNDA:0,(anonymous_8)
FNDA:2,(anonymous_9)
FNDA:0,(anonymous_10)
FNDA:0,(anonymous_11)
FNDA:0,(anonymous_12)
FNDA:0,(anonymous_13)
FNDA:0,(anonymous_14)
FNDA:0,(anonymous_15)
FNDA:0,(anonymous_16)
FNDA:0,(anonymous_17)
FNDA:0,(anonymous_18)
FNDA:0,(anonymous_19)
FNDA:0,(anonymous_20)
FNDA:0,(anonymous_21)
FNDA:0,(anonymous_22)
FNDA:1,(anonymous_23)
FNDA:0,(anonymous_24)
FNDA:0,(anonymous_25)
FNDA:0,(anonymous_26)
FNDA:2,(anonymous_27)
FNDA:2,(anonymous_28)
FNDA:0,(anonymous_29)
FNDA:0,(anonymous_30)
FNDA:0,(anonymous_31)
FNDA:0,(anonymous_32)
FNDA:0,(anonymous_33)
FNDA:0,(anonymous_34)
FNDA:0,(anonymous_35)
FNDA:0,(anonymous_36)
FNDA:0,(anonymous_37)
FNDA:0,(anonymous_38)
FNDA:0,(anonymous_39)
FNDA:0,(anonymous_40)
DA:18,2
DA:27,2
DA:28,2
DA:32,7
DA:33,7
DA:34,7
DA:35,7
DA:36,7
DA:37,7
DA:38,7
DA:47,0
DA:48,0
DA:50,0
DA:51,0
DA:52,0
DA:53,0
DA:54,0
DA:56,0
DA:58,0
DA:62,0
DA:63,0
DA:64,0
DA:65,0
DA:66,0
DA:67,0
DA:68,0
DA:70,0
DA:71,0
DA:72,0
DA:74,0
DA:75,0
DA:77,0
DA:79,0
DA:84,0
DA:86,0
DA:91,0
DA:92,0
DA:93,0
DA:98,2
DA:99,2
DA:100,2
DA:101,2
DA:103,2
DA:105,1
DA:106,1
DA:108,1
DA:109,0
DA:110,0
DA:112,0
DA:113,0
DA:114,0
DA:116,0
DA:119,1
DA:121,1
DA:122,1
DA:124,1
DA:125,1
DA:126,1
DA:128,1
DA:132,0
DA:135,1
DA:141,0
DA:142,0
DA:144,0
DA:145,0
DA:147,0
DA:148,0
DA:150,0
DA:151,0
DA:152,0
DA:153,0
DA:154,0
DA:155,0
DA:156,0
DA:161,0
DA:163,0
DA:164,0
DA:167,0
DA:168,0
DA:169,0
DA:170,0
DA:171,0
DA:174,0
DA:175,0
DA:177,0
DA:178,0
DA:179,0
DA:180,0
DA:181,0
DA:183,0
DA:184,0
DA:185,0
DA:186,0
DA:187,0
DA:188,0
DA:190,0
DA:193,0
DA:194,0
DA:195,0
DA:198,0
DA:199,0
DA:201,0
DA:204,0
DA:205,0
DA:210,0
DA:211,0
DA:213,0
DA:214,0
DA:216,0
DA:217,0
DA:218,0
DA:219,0
DA:221,0
DA:222,0
DA:223,0
DA:226,0
DA:228,0
DA:230,0
DA:231,0
DA:233,0
DA:234,0
DA:235,0
DA:237,0
DA:238,0
DA:239,0
DA:240,0
DA:242,0
DA:252,1
DA:253,1
DA:257,0
DA:258,0
DA:259,0
DA:260,0
DA:262,0
DA:263,0
DA:265,0
DA:266,0
DA:268,0
DA:269,0
DA:271,0
DA:273,0
DA:274,0
DA:276,0
DA:280,0
DA:282,0
DA:284,0
DA:285,0
DA:287,0
DA:288,0
DA:290,0
DA:291,0
DA:293,0
DA:294,0
DA:296,0
DA:298,0
DA:300,0
DA:304,2
DA:308,2
DA:309,2
DA:311,2
DA:313,2
DA:314,1
DA:316,1
DA:317,0
DA:318,0
DA:320,2
DA:322,2
DA:323,2
DA:324,2
DA:326,2
DA:332,0
DA:333,0
DA:335,0
DA:336,0
DA:339,0
DA:340,0
DA:342,0
DA:343,0
DA:344,0
DA:346,0
DA:347,0
DA:349,0
DA:351,0
DA:352,0
DA:353,0
DA:357,0
DA:362,0
DA:364,0
DA:365,0
DA:366,0
DA:367,0
DA:370,0
DA:371,0
DA:372,0
DA:376,0
DA:379,0
DA:380,0
DA:381,0
DA:382,0
DA:384,0
DA:387,0
DA:388,0
DA:389,0
DA:391,0
DA:393,0
DA:394,0
DA:395,0
DA:396,0
DA:398,0
DA:400,0
DA:402,0
DA:403,0
DA:407,0
DA:409,0
DA:415,0
DA:416,0
DA:417,0
DA:419,0
DA:421,0
DA:425,0
DA:429,0
DA:433,0
DA:435,0
DA:436,0
DA:437,0
DA:441,0
DA:443,0
DA:444,0
DA:445,0
DA:448,0
DA:450,0
DA:451,0
DA:452,0
DA:454,0
DA:455,0
DA:456,0
DA:458,0
DA:460,0
DA:461,0
DA:462,0
DA:465,0
DA:466,0
DA:467,0
DA:468,0
LF:244
LH:40
BRDA:63,0,0,0
BRDA:63,0,1,0
BRDA:63,1,0,0
BRDA:63,1,1,0
BRDA:105,2,0,1
BRDA:105,2,1,0
BRDA:162,3,0,0
BRDA:162,3,1,0
BRDA:167,4,0,0
BRDA:167,4,1,0
BRDA:177,5,0,0
BRDA:177,5,1,0
BRDA:183,6,0,0
BRDA:183,6,1,0
BRDA:195,7,0,0
BRDA:195,7,1,0
BRDA:198,8,0,0
BRDA:198,8,1,0
BRDA:210,9,0,0
BRDA:210,9,1,0
BRDA:216,10,0,0
BRDA:216,10,1,0
BRDA:216,11,0,0
BRDA:216,11,1,0
BRDA:226,12,0,0
BRDA:226,12,1,0
BRDA:228,13,0,0
BRDA:228,13,1,0
BRDA:228,14,0,0
BRDA:228,14,1,0
BRDA:230,15,0,0
BRDA:230,15,1,0
BRDA:230,16,0,0
BRDA:230,16,1,0
BRDA:257,17,0,0
BRDA:257,17,1,0
BRDA:268,18,0,0
BRDA:268,18,1,0
BRDA:271,19,0,0
BRDA:271,19,1,0
BRDA:271,20,0,0
BRDA:271,20,1,0
BRDA:274,21,0,0
BRDA:274,21,1,0
BRDA:280,22,0,0
BRDA:280,22,1,0
BRDA:280,23,0,0
BRDA:280,23,1,0
BRDA:298,24,0,0
BRDA:298,24,1,0
BRDA:300,25,0,0
BRDA:300,25,1,0
BRDA:313,26,0,1
BRDA:313,26,1,1
BRDA:316,27,0,0
BRDA:316,27,1,1
BRDA:351,28,0,0
BRDA:351,28,1,0
BRDA:362,29,0,0
BRDA:362,29,1,0
BRDA:365,30,0,0
BRDA:365,30,1,0
BRDA:370,31,0,0
BRDA:370,31,1,0
BRDA:372,32,0,0
BRDA:372,32,1,0
BRDA:372,33,0,0
BRDA:372,33,1,0
BRDA:379,34,0,0
BRDA:379,34,1,0
BRDA:379,35,0,0
BRDA:379,35,1,0
BRDA:387,36,0,0
BRDA:387,36,1,0
BRDA:387,37,0,0
BRDA:387,37,1,0
BRDA:391,38,0,0
BRDA:391,38,1,0
BRDA:391,39,0,0
BRDA:391,39,1,0
BRDA:393,40,0,0
BRDA:393,40,1,0
BRDA:417,41,0,0
BRDA:417,41,1,0
BRDA:417,42,0,0
BRDA:417,42,1,0
BRDA:433,43,0,0
BRDA:433,43,1,0
BRDA:443,44,0,0
BRDA:443,44,1,0
BRF:90
BRH:4
end_of_record
TN:
SF:src\js\GamePlay.js
FN:7,(anonymous_0)
FN:20,(anonymous_1)
FN:32,(anonymous_2)
FN:50,(anonymous_3)
FN:51,(anonymous_4)
FN:52,(anonymous_5)
FN:60,(anonymous_6)
FN:61,(anonymous_7)
FN:62,(anonymous_8)
FN:74,(anonymous_9)
FN:102,(anonymous_10)
FN:111,(anonymous_11)
FN:120,(anonymous_12)
FN:129,(anonymous_13)
FN:138,(anonymous_14)
FN:147,(anonymous_15)
FN:151,(anonymous_16)
FN:154,(anonymous_17)
FN:157,(anonymous_18)
FN:160,(anonymous_19)
FN:163,(anonymous_20)
FN:165,(anonymous_21)
FN:168,(anonymous_22)
FN:170,(anonymous_23)
FN:173,(anonymous_24)
FN:175,(anonymous_25)
FN:178,(anonymous_26)
FN:180,(anonymous_27)
FN:183,(anonymous_28)
FN:187,(anonymous_29)
FN:191,(anonymous_30)
FN:196,(anonymous_31)
FN:199,(anonymous_32)
FN:202,(anonymous_33)
FN:206,(anonymous_34)
FN:210,(anonymous_35)
FN:211,(anonymous_36)
FN:218,(anonymous_37)
FN:227,(anonymous_38)
FN:231,(anonymous_39)
FNF:40
FNH:0
FNDA:0,(anonymous_0)
FNDA:0,(anonymous_1)
FNDA:0,(anonymous_2)
FNDA:0,(anonymous_3)
FNDA:0,(anonymous_4)
FNDA:0,(anonymous_5)
FNDA:0,(anonymous_6)
FNDA:0,(anonymous_7)
FNDA:0,(anonymous_8)
FNDA:0,(anonymous_9)
FNDA:0,(anonymous_10)
FNDA:0,(anonymous_11)
FNDA:0,(anonymous_12)
FNDA:0,(anonymous_13)
FNDA:0,(anonymous_14)
FNDA:0,(anonymous_15)
FNDA:0,(anonymous_16)
FNDA:0,(anonymous_17)
FNDA:0,(anonymous_18)
FNDA:0,(anonymous_19)
FNDA:0,(anonymous_20)
FNDA:0,(anonymous_21)
FNDA:0,(anonymous_22)
FNDA:0,(anonymous_23)
FNDA:0,(anonymous_24)
FNDA:0,(anonymous_25)
FNDA:0,(anonymous_26)
FNDA:0,(anonymous_27)
FNDA:0,(anonymous_28)
FNDA:0,(anonymous_29)
FNDA:0,(anonymous_30)
FNDA:0,(anonymous_31)
FNDA:0,(anonymous_32)
FNDA:0,(anonymous_33)
FNDA:0,(anonymous_34)
FNDA:0,(anonymous_35)
FNDA:0,(anonymous_36)
FNDA:0,(anonymous_37)
FNDA:0,(anonymous_38)
FNDA:0,(anonymous_39)
DA:8,0
DA:9,0
DA:10,0
DA:11,0
DA:12,0
DA:13,0
DA:14,0
DA:15,0
DA:16,0
DA:17,0
DA:21,0
DA:22,0
DA:24,0
DA:33,0
DA:35,0
DA:46,0
DA:47,0
DA:48,0
DA:50,0
DA:51,0
DA:52,0
DA:54,0
DA:56,0
DA:57,0
DA:58,0
DA:59,0
DA:60,0
DA:61,0
DA:62,0
DA:63,0
DA:66,0
DA:75,0
DA:76,0
DA:79,0
DA:80,0
DA:81,0
DA:82,0
DA:84,0
DA:85,0
DA:87,0
DA:88,0
DA:89,0
DA:90,0
DA:92,0
DA:93,0
DA:103,0
DA:112,0
DA:121,0
DA:130,0
DA:139,0
DA:148,0
DA:152,0
DA:153,0
DA:154,0
DA:158,0
DA:159,0
DA:160,0
DA:164,0
DA:165,0
DA:169,0
DA:170,0
DA:174,0
DA:175,0
DA:179,0
DA:180,0
DA:184,0
DA:188,0
DA:192,0
DA:193,0
DA:197,0
DA:198,0
DA:199,0
DA:203,0
DA:207,0
DA:211,0
DA:212,0
DA:213,0
DA:214,0
DA:215,0
DA:216,0
DA:218,0
DA:219,0
DA:220,0
DA:222,0
DA:228,0
DA:232,0
DA:233,0
LF:87
LH:0
BRDA:21,0,0,0
BRDA:21,0,1,0
BRDA:191,1,0,0
BRDA:219,2,0,0
BRDA:219,2,1,0
BRDA:232,3,0,0
BRDA:232,3,1,0
BRF:7
BRH:0
end_of_record
TN:
SF:src\js\GameState.js
FN:2,(anonymous_0)
FN:12,(anonymous_1)
FN:14,(anonymous_2)
FN:31,(anonymous_3)
FNF:4
FNH:2
FNDA:8,(anonymous_0)
FNDA:0,(anonymous_1)
FNDA:0,(anonymous_2)
FNDA:1,(anonymous_3)
DA:3,8
DA:4,8
DA:5,8
DA:6,8
DA:7,8
DA:8,8
DA:9,8
DA:13,0
DA:14,0
DA:32,1
DA:33,1
DA:34,1
LF:12
LH:10
BRF:0
BRH:0
end_of_record
TN:
SF:src\js\GameStateService.js
FN:2,(anonymous_0)
FN:6,(anonymous_1)
FN:10,(anonymous_2)
FNF:3
FNH:1
FNDA:3,(anonymous_0)
FNDA:0,(anonymous_1)
FNDA:0,(anonymous_2)
DA:3,3
DA:7,0
DA:11,0
DA:12,0
DA:14,0
LF:5
LH:1
BRF:0
BRH:0
end_of_record
TN:
SF:src\js\PositionedCharacter.js
FN:4,(anonymous_0)
FNF:1
FNH:1
FNDA:10,(anonymous_0)
DA:5,10
DA:6,0
DA:9,10
DA:10,0
DA:12,10
DA:13,10
LF:6
LH:4
BRDA:5,0,0,0
BRDA:5,0,1,10
BRDA:9,1,0,0
BRDA:9,1,1,10
BRF:4
BRH:2
end_of_record
TN:
SF:src\js\cursors.js
FNF:0
FNH:0
DA:1,2
LF:1
LH:1
BRF:0
BRH:0
end_of_record
TN:
SF:src\js\generators.js
FN:27,characterGenerator
FN:43,generateTeam
FNF:2
FNH:2
FNDA:6,characterGenerator
FNDA:1,generateTeam
DA:18,3
DA:28,6
DA:29,12
DA:30,12
DA:31,12
DA:32,12
DA:44,1
DA:45,1
DA:46,5
DA:47,5
DA:49,1
LF:11
LH:11
BRF:0
BRH:0
end_of_record
TN:
SF:src\js\themes.js
FNF:0
FNH:0
DA:1,2
LF:1
LH:1
BRF:0
BRH:0
end_of_record
TN:
SF:src\js\utils.js
FN:25,calcTileType
FN:53,calcHealthLevel
FNF:2
FNH:1
FNDA:9,calcTileType
FNDA:0,calcHealthLevel
DA:26,9
DA:27,1
DA:29,8
DA:30,1
DA:32,7
DA:33,1
DA:35,6
DA:36,1
DA:38,5
DA:39,1
DA:41,4
DA:42,1
DA:44,3
DA:45,1
DA:47,2
DA:48,1
DA:50,1
DA:54,0
DA:55,0
DA:58,0
DA:59,0
DA:62,0
LF:22
LH:17
BRDA:26,0,0,1
BRDA:26,0,1,8
BRDA:29,1,0,1
BRDA:29,1,1,7
BRDA:29,2,0,8
BRDA:29,2,1,8
BRDA:32,3,0,1
BRDA:32,3,1,6
BRDA:35,4,0,1
BRDA:35,4,1,5
BRDA:38,5,0,1
BRDA:38,5,1,4
BRDA:41,6,0,1
BRDA:41,6,1,3
BRDA:41,7,0,4
BRDA:41,7,1,1
BRDA:44,8,0,1
BRDA:44,8,1,2
BRDA:47,9,0,1
BRDA:47,9,1,1
BRDA:54,10,0,0
BRDA:54,10,1,0
BRDA:58,11,0,0
BRDA:58,11,1,0
BRF:24
BRH:20
end_of_record
TN:
SF:src\js\characters\Bowman.js
FN:4,(anonymous_0)
FNF:1
FNH:1
FNDA:6,(anonymous_0)
DA:5,6
DA:6,6
DA:7,6
DA:8,6
DA:9,6
DA:10,6
DA:11,6
LF:7
LH:7
BRF:0
BRH:0
end_of_record
TN:
SF:src\js\characters\Daemon.js
FN:4,(anonymous_0)
FNF:1
FNH:1
FNDA:5,(anonymous_0)
DA:5,5
DA:6,5
DA:7,5
DA:8,5
DA:9,5
DA:10,5
DA:11,5
LF:7
LH:7
BRF:0
BRH:0
end_of_record
TN:
SF:src\js\characters\Magician.js
FN:4,(anonymous_0)
FNF:1
FNH:1
FNDA:4,(anonymous_0)
DA:5,4
DA:6,4
DA:7,4
DA:8,4
DA:9,4
DA:10,4
DA:11,4
LF:7
LH:7
BRF:0
BRH:0
end_of_record
TN:
SF:src\js\characters\Swordsman.js
FN:4,(anonymous_0)
FNF:1
FNH:1
FNDA:5,(anonymous_0)
DA:5,5
DA:6,5
DA:7,5
DA:8,5
DA:9,5
DA:10,5
DA:11,5
LF:7
LH:7
BRF:0
BRH:0
end_of_record
TN:
SF:src\js\characters\Undead.js
FN:4,(anonymous_0)
FNF:1
FNH:1
FNDA:10,(anonymous_0)
DA:5,10
DA:6,10
DA:7,10
DA:8,10
DA:9,10
DA:10,10
DA:11,10
LF:7
LH:7
BRF:0
BRH:0
end_of_record
TN:
SF:src\js\characters\Vampire.js
FN:4,(anonymous_0)
FNF:1
FNH:1
FNDA:7,(anonymous_0)
DA:5,7
DA:6,7
DA:7,7
DA:8,7
DA:9,7
DA:10,7
DA:11,7
LF:7
LH:7
BRF:0
BRH:0
end_of_record
